2025-09-22 15:33:36,830 - phyluce_align_seqcap_align - INFO - ============== Starting phyluce_align_seqcap_align ==============
2025-09-22 15:33:36,830 - phyluce_align_seqcap_align - INFO - Version: 1.7.3
2025-09-22 15:33:36,830 - phyluce_align_seqcap_align - INFO - Commit: None
2025-09-22 15:33:36,830 - phyluce_align_seqcap_align - INFO - Argument --aligner: mafft
2025-09-22 15:33:36,830 - phyluce_align_seqcap_align - INFO - Argument --ambiguous: False
2025-09-22 15:33:36,830 - phyluce_align_seqcap_align - INFO - Argument --cores: 12
2025-09-22 15:33:36,830 - phyluce_align_seqcap_align - INFO - Argument --input: /home/shared/8TB_HDD_02/mewing0/bivalve_gametogenesis/data/phyluce/taxon-set1/dataset1_complete_v2.fasta
2025-09-22 15:33:36,830 - phyluce_align_seqcap_align - INFO - Argument --log_path: /home/shared/8TB_HDD_02/mewing0/bivalve_gametogenesis/data/phyluce/taxon-set1/log-cmp_v2
2025-09-22 15:33:36,830 - phyluce_align_seqcap_align - INFO - Argument --max_divergence: 0.2
2025-09-22 15:33:36,830 - phyluce_align_seqcap_align - INFO - Argument --min_length: 100
2025-09-22 15:33:36,830 - phyluce_align_seqcap_align - INFO - Argument --no_trim: False
2025-09-22 15:33:36,831 - phyluce_align_seqcap_align - INFO - Argument --notstrict: True
2025-09-22 15:33:36,831 - phyluce_align_seqcap_align - INFO - Argument --output: /home/shared/8TB_HDD_02/mewing0/bivalve_gametogenesis/data/phyluce/taxon-set1/mafft-nexus-edge-trimmed-cmp_v2
2025-09-22 15:33:36,831 - phyluce_align_seqcap_align - INFO - Argument --output_format: nexus
2025-09-22 15:33:36,831 - phyluce_align_seqcap_align - INFO - Argument --proportion: 0.65
2025-09-22 15:33:36,831 - phyluce_align_seqcap_align - INFO - Argument --taxa: 18
2025-09-22 15:33:36,831 - phyluce_align_seqcap_align - INFO - Argument --threshold: 0.65
2025-09-22 15:33:36,831 - phyluce_align_seqcap_align - INFO - Argument --verbosity: INFO
2025-09-22 15:33:36,831 - phyluce_align_seqcap_align - INFO - Argument --window: 20
2025-09-22 15:33:36,831 - phyluce_align_seqcap_align - INFO - Building the locus dictionary
2025-09-22 15:33:36,831 - phyluce_align_seqcap_align - INFO - Removing ALL sequences with ambiguous bases...
2025-09-22 15:33:36,832 - phyluce_align_seqcap_align - INFO - Aligning with MAFFT
2025-09-22 15:33:36,832 - phyluce_align_seqcap_align - INFO - Alignment begins. 'X' indicates dropped alignments (these are reported after alignment)
2025-09-22 15:33:37,553 - phyluce_align_seqcap_align - INFO - Alignment ends
2025-09-22 15:33:37,554 - phyluce_align_seqcap_align - INFO - Writing output files
2025-09-22 15:33:37,555 - phyluce_align_seqcap_align - INFO - ============== Completed phyluce_align_seqcap_align =============
2025-09-22 15:36:47,827 - phyluce_align_seqcap_align - INFO - ============== Starting phyluce_align_seqcap_align ==============
2025-09-22 15:36:47,827 - phyluce_align_seqcap_align - INFO - Version: 1.7.3
2025-09-22 15:36:47,827 - phyluce_align_seqcap_align - INFO - Commit: None
2025-09-22 15:36:47,828 - phyluce_align_seqcap_align - INFO - Argument --aligner: mafft
2025-09-22 15:36:47,828 - phyluce_align_seqcap_align - INFO - Argument --ambiguous: False
2025-09-22 15:36:47,828 - phyluce_align_seqcap_align - INFO - Argument --cores: 12
2025-09-22 15:36:47,828 - phyluce_align_seqcap_align - INFO - Argument --input: /home/shared/8TB_HDD_02/mewing0/bivalve_gametogenesis/data/phyluce/taxon-set1/dataset1_complete_v2.fasta
2025-09-22 15:36:47,828 - phyluce_align_seqcap_align - INFO - Argument --log_path: /home/shared/8TB_HDD_02/mewing0/bivalve_gametogenesis/data/phyluce/taxon-set1/log-cmp_v2
2025-09-22 15:36:47,828 - phyluce_align_seqcap_align - INFO - Argument --max_divergence: 0.2
2025-09-22 15:36:47,828 - phyluce_align_seqcap_align - INFO - Argument --min_length: 100
2025-09-22 15:36:47,828 - phyluce_align_seqcap_align - INFO - Argument --no_trim: True
2025-09-22 15:36:47,828 - phyluce_align_seqcap_align - INFO - Argument --notstrict: True
2025-09-22 15:36:47,828 - phyluce_align_seqcap_align - INFO - Argument --output: /home/shared/8TB_HDD_02/mewing0/bivalve_gametogenesis/data/phyluce/taxon-set1/mafft-nexus-internal-trimmed-cmp_v2
2025-09-22 15:36:47,828 - phyluce_align_seqcap_align - INFO - Argument --output_format: fasta
2025-09-22 15:36:47,828 - phyluce_align_seqcap_align - INFO - Argument --proportion: 0.65
2025-09-22 15:36:47,828 - phyluce_align_seqcap_align - INFO - Argument --taxa: 18
2025-09-22 15:36:47,828 - phyluce_align_seqcap_align - INFO - Argument --threshold: 0.65
2025-09-22 15:36:47,828 - phyluce_align_seqcap_align - INFO - Argument --verbosity: INFO
2025-09-22 15:36:47,828 - phyluce_align_seqcap_align - INFO - Argument --window: 20
2025-09-22 15:36:47,828 - phyluce_align_seqcap_align - INFO - Building the locus dictionary
2025-09-22 15:36:47,829 - phyluce_align_seqcap_align - INFO - Removing ALL sequences with ambiguous bases...
2025-09-22 15:36:47,831 - phyluce_align_seqcap_align - INFO - Aligning with MAFFT
2025-09-22 15:36:47,831 - phyluce_align_seqcap_align - INFO - Alignment begins. 'X' indicates dropped alignments (these are reported after alignment)
2025-09-22 15:36:48,400 - phyluce_align_seqcap_align - INFO - Alignment ends
2025-09-22 15:36:48,400 - phyluce_align_seqcap_align - INFO - Writing output files
2025-09-22 15:36:48,402 - phyluce_align_seqcap_align - INFO - ============== Completed phyluce_align_seqcap_align =============
