2025-08-28 14:31:20,011 - phyluce_align_concatenate_alignments - INFO - ========= Starting phyluce_align_concatenate_alignments =========
2025-08-28 14:31:20,012 - phyluce_align_concatenate_alignments - INFO - Version: 1.7.3
2025-08-28 14:31:20,012 - phyluce_align_concatenate_alignments - INFO - Commit: None
2025-08-28 14:31:20,012 - phyluce_align_concatenate_alignments - INFO - Argument --alignments: /home/shared/8TB_HDD_02/mewing0/bivalve_gametogenesis/data/phyluce/taxon-set1/mafft-nexus-internal-trimmed-gblocks-clean-50p_v1
2025-08-28 14:31:20,012 - phyluce_align_concatenate_alignments - INFO - Argument --input_format: nexus
2025-08-28 14:31:20,012 - phyluce_align_concatenate_alignments - INFO - Argument --log_path: /home/shared/8TB_HDD_02/mewing0/bivalve_gametogenesis/data/phyluce/taxon-set1/log-inc_v1
2025-08-28 14:31:20,012 - phyluce_align_concatenate_alignments - INFO - Argument --nexus: False
2025-08-28 14:31:20,012 - phyluce_align_concatenate_alignments - INFO - Argument --output: /home/shared/8TB_HDD_02/mewing0/bivalve_gametogenesis/data/phyluce/taxon-set1/mafft-nexus-internal-trimmed-gblocks-clean-50p_v1-raxml
2025-08-28 14:31:20,012 - phyluce_align_concatenate_alignments - INFO - Argument --phylip: True
2025-08-28 14:31:20,012 - phyluce_align_concatenate_alignments - INFO - Argument --verbosity: INFO
2025-08-28 14:31:20,012 - phyluce_align_concatenate_alignments - INFO - Reading input alignments in NEXUS format
2025-08-28 14:31:20,012 - phyluce_align_concatenate_alignments - INFO - Getting alignment files
2025-08-28 14:31:21,432 - phyluce_align_concatenate_alignments - INFO - Concatenating files
2025-08-28 14:31:21,621 - phyluce_align_concatenate_alignments - INFO - Writing concatenated alignment to PHYLIP format (with charsets)
2025-08-28 14:31:21,623 - phyluce_align_concatenate_alignments - INFO - ========= Completed phyluce_align_concatenate_alignments ========
2025-08-28 14:31:30,571 - phyluce_align_concatenate_alignments - INFO - ========= Starting phyluce_align_concatenate_alignments =========
2025-08-28 14:31:30,571 - phyluce_align_concatenate_alignments - INFO - Version: 1.7.3
2025-08-28 14:31:30,571 - phyluce_align_concatenate_alignments - INFO - Commit: None
2025-08-28 14:31:30,571 - phyluce_align_concatenate_alignments - INFO - Argument --alignments: /home/shared/8TB_HDD_02/mewing0/bivalve_gametogenesis/data/phyluce/taxon-set1/mafft-nexus-internal-trimmed-gblocks-clean-75p_v1
2025-08-28 14:31:30,571 - phyluce_align_concatenate_alignments - INFO - Argument --input_format: nexus
2025-08-28 14:31:30,571 - phyluce_align_concatenate_alignments - INFO - Argument --log_path: /home/shared/8TB_HDD_02/mewing0/bivalve_gametogenesis/data/phyluce/taxon-set1/log-inc_v1
2025-08-28 14:31:30,572 - phyluce_align_concatenate_alignments - INFO - Argument --nexus: False
2025-08-28 14:31:30,572 - phyluce_align_concatenate_alignments - INFO - Argument --output: /home/shared/8TB_HDD_02/mewing0/bivalve_gametogenesis/data/phyluce/taxon-set1/mafft-nexus-internal-trimmed-gblocks-clean-75p_v1-raxml
2025-08-28 14:31:30,572 - phyluce_align_concatenate_alignments - INFO - Argument --phylip: True
2025-08-28 14:31:30,572 - phyluce_align_concatenate_alignments - INFO - Argument --verbosity: INFO
2025-08-28 14:31:30,572 - phyluce_align_concatenate_alignments - INFO - Reading input alignments in NEXUS format
2025-08-28 14:31:30,572 - phyluce_align_concatenate_alignments - INFO - Getting alignment files
2025-08-28 14:31:31,253 - phyluce_align_concatenate_alignments - INFO - Concatenating files
2025-08-28 14:31:31,302 - phyluce_align_concatenate_alignments - INFO - Writing concatenated alignment to PHYLIP format (with charsets)
2025-08-28 14:31:31,303 - phyluce_align_concatenate_alignments - INFO - ========= Completed phyluce_align_concatenate_alignments ========
2025-08-28 14:31:39,528 - phyluce_align_concatenate_alignments - INFO - ========= Starting phyluce_align_concatenate_alignments =========
2025-08-28 14:31:39,528 - phyluce_align_concatenate_alignments - INFO - Version: 1.7.3
2025-08-28 14:31:39,528 - phyluce_align_concatenate_alignments - INFO - Commit: None
2025-08-28 14:31:39,528 - phyluce_align_concatenate_alignments - INFO - Argument --alignments: /home/shared/8TB_HDD_02/mewing0/bivalve_gametogenesis/data/phyluce/taxon-set1/mafft-nexus-internal-trimmed-gblocks-clean-95p_v1
2025-08-28 14:31:39,528 - phyluce_align_concatenate_alignments - INFO - Argument --input_format: nexus
2025-08-28 14:31:39,529 - phyluce_align_concatenate_alignments - INFO - Argument --log_path: /home/shared/8TB_HDD_02/mewing0/bivalve_gametogenesis/data/phyluce/taxon-set1/log-inc_v1
2025-08-28 14:31:39,529 - phyluce_align_concatenate_alignments - INFO - Argument --nexus: False
2025-08-28 14:31:39,529 - phyluce_align_concatenate_alignments - INFO - Argument --output: /home/shared/8TB_HDD_02/mewing0/bivalve_gametogenesis/data/phyluce/taxon-set1/mafft-nexus-internal-trimmed-gblocks-clean-95p_v1-raxml
2025-08-28 14:31:39,529 - phyluce_align_concatenate_alignments - INFO - Argument --phylip: True
2025-08-28 14:31:39,529 - phyluce_align_concatenate_alignments - INFO - Argument --verbosity: INFO
2025-08-28 14:31:39,529 - phyluce_align_concatenate_alignments - INFO - Reading input alignments in NEXUS format
2025-08-28 14:31:39,529 - phyluce_align_concatenate_alignments - INFO - Getting alignment files
2025-08-28 14:31:39,582 - phyluce_align_concatenate_alignments - INFO - Concatenating files
2025-08-28 14:31:39,586 - phyluce_align_concatenate_alignments - INFO - Writing concatenated alignment to PHYLIP format (with charsets)
2025-08-28 14:31:39,586 - phyluce_align_concatenate_alignments - INFO - ========= Completed phyluce_align_concatenate_alignments ========
