2025-09-22 15:35:32,207 - phyluce_align_seqcap_align - INFO - ============== Starting phyluce_align_seqcap_align ==============
2025-09-22 15:35:32,207 - phyluce_align_seqcap_align - INFO - Version: 1.7.3
2025-09-22 15:35:32,207 - phyluce_align_seqcap_align - INFO - Commit: None
2025-09-22 15:35:32,207 - phyluce_align_seqcap_align - INFO - Argument --aligner: mafft
2025-09-22 15:35:32,207 - phyluce_align_seqcap_align - INFO - Argument --ambiguous: False
2025-09-22 15:35:32,207 - phyluce_align_seqcap_align - INFO - Argument --cores: 12
2025-09-22 15:35:32,207 - phyluce_align_seqcap_align - INFO - Argument --input: /home/shared/8TB_HDD_02/mewing0/bivalve_gametogenesis/data/phyluce/taxon-set1/dataset1_incomplete_v2.fasta
2025-09-22 15:35:32,207 - phyluce_align_seqcap_align - INFO - Argument --log_path: /home/shared/8TB_HDD_02/mewing0/bivalve_gametogenesis/data/phyluce/taxon-set1/log-inc_v2
2025-09-22 15:35:32,207 - phyluce_align_seqcap_align - INFO - Argument --max_divergence: 0.2
2025-09-22 15:35:32,207 - phyluce_align_seqcap_align - INFO - Argument --min_length: 100
2025-09-22 15:35:32,207 - phyluce_align_seqcap_align - INFO - Argument --no_trim: False
2025-09-22 15:35:32,207 - phyluce_align_seqcap_align - INFO - Argument --notstrict: True
2025-09-22 15:35:32,207 - phyluce_align_seqcap_align - INFO - Argument --output: /home/shared/8TB_HDD_02/mewing0/bivalve_gametogenesis/data/phyluce/taxon-set1/mafft-nexus-edge-trimmed-inc_v2
2025-09-22 15:35:32,207 - phyluce_align_seqcap_align - INFO - Argument --output_format: nexus
2025-09-22 15:35:32,207 - phyluce_align_seqcap_align - INFO - Argument --proportion: 0.65
2025-09-22 15:35:32,207 - phyluce_align_seqcap_align - INFO - Argument --taxa: 18
2025-09-22 15:35:32,207 - phyluce_align_seqcap_align - INFO - Argument --threshold: 0.65
2025-09-22 15:35:32,207 - phyluce_align_seqcap_align - INFO - Argument --verbosity: INFO
2025-09-22 15:35:32,207 - phyluce_align_seqcap_align - INFO - Argument --window: 20
2025-09-22 15:35:32,208 - phyluce_align_seqcap_align - INFO - Building the locus dictionary
2025-09-22 15:35:32,208 - phyluce_align_seqcap_align - INFO - Removing ALL sequences with ambiguous bases...
2025-09-22 15:35:32,494 - phyluce_align_seqcap_align - WARNING - DROPPED locus uce-1193. Too few taxa (N < 3).
2025-09-22 15:35:32,494 - phyluce_align_seqcap_align - WARNING - DROPPED locus uce-2932. Too few taxa (N < 3).
2025-09-22 15:35:32,494 - phyluce_align_seqcap_align - WARNING - DROPPED locus uce-1037. Too few taxa (N < 3).
2025-09-22 15:35:32,494 - phyluce_align_seqcap_align - WARNING - DROPPED locus uce-466. Too few taxa (N < 3).
2025-09-22 15:35:32,494 - phyluce_align_seqcap_align - WARNING - DROPPED locus uce-3308. Too few taxa (N < 3).
2025-09-22 15:35:32,494 - phyluce_align_seqcap_align - WARNING - DROPPED locus uce-3460. Too few taxa (N < 3).
2025-09-22 15:35:32,494 - phyluce_align_seqcap_align - WARNING - DROPPED locus uce-612. Too few taxa (N < 3).
2025-09-22 15:35:32,494 - phyluce_align_seqcap_align - WARNING - DROPPED locus uce-129. Too few taxa (N < 3).
2025-09-22 15:35:32,494 - phyluce_align_seqcap_align - WARNING - DROPPED locus uce-815. Too few taxa (N < 3).
2025-09-22 15:35:32,494 - phyluce_align_seqcap_align - WARNING - DROPPED locus uce-1269. Too few taxa (N < 3).
2025-09-22 15:35:32,494 - phyluce_align_seqcap_align - WARNING - DROPPED locus uce-973. Too few taxa (N < 3).
2025-09-22 15:35:32,494 - phyluce_align_seqcap_align - WARNING - DROPPED locus uce-32. Too few taxa (N < 3).
2025-09-22 15:35:32,494 - phyluce_align_seqcap_align - WARNING - DROPPED locus uce-3156. Too few taxa (N < 3).
2025-09-22 15:35:32,494 - phyluce_align_seqcap_align - WARNING - DROPPED locus uce-1556. Too few taxa (N < 3).
2025-09-22 15:35:32,494 - phyluce_align_seqcap_align - WARNING - DROPPED locus uce-2876. Too few taxa (N < 3).
2025-09-22 15:35:32,494 - phyluce_align_seqcap_align - WARNING - DROPPED locus uce-1396. Too few taxa (N < 3).
2025-09-22 15:35:32,494 - phyluce_align_seqcap_align - WARNING - DROPPED locus uce-3211. Too few taxa (N < 3).
2025-09-22 15:35:32,494 - phyluce_align_seqcap_align - WARNING - DROPPED locus uce-2093. Too few taxa (N < 3).
2025-09-22 15:35:32,494 - phyluce_align_seqcap_align - WARNING - DROPPED locus uce-1406. Too few taxa (N < 3).
2025-09-22 15:35:32,494 - phyluce_align_seqcap_align - WARNING - DROPPED locus uce-1408. Too few taxa (N < 3).
2025-09-22 15:35:32,494 - phyluce_align_seqcap_align - WARNING - DROPPED locus uce-3068. Too few taxa (N < 3).
2025-09-22 15:35:32,494 - phyluce_align_seqcap_align - WARNING - DROPPED locus uce-3065. Too few taxa (N < 3).
2025-09-22 15:35:32,494 - phyluce_align_seqcap_align - WARNING - DROPPED locus uce-1214. Too few taxa (N < 3).
2025-09-22 15:35:32,494 - phyluce_align_seqcap_align - WARNING - DROPPED locus uce-1503. Too few taxa (N < 3).
2025-09-22 15:35:32,494 - phyluce_align_seqcap_align - WARNING - DROPPED locus uce-3413. Too few taxa (N < 3).
2025-09-22 15:35:32,495 - phyluce_align_seqcap_align - WARNING - DROPPED locus uce-2916. Too few taxa (N < 3).
2025-09-22 15:35:32,495 - phyluce_align_seqcap_align - WARNING - DROPPED locus uce-447. Too few taxa (N < 3).
2025-09-22 15:35:32,495 - phyluce_align_seqcap_align - WARNING - DROPPED locus uce-1797. Too few taxa (N < 3).
2025-09-22 15:35:32,495 - phyluce_align_seqcap_align - WARNING - DROPPED locus uce-3247. Too few taxa (N < 3).
2025-09-22 15:35:32,495 - phyluce_align_seqcap_align - WARNING - DROPPED locus uce-2591. Too few taxa (N < 3).
2025-09-22 15:35:32,495 - phyluce_align_seqcap_align - WARNING - DROPPED locus uce-2203. Too few taxa (N < 3).
2025-09-22 15:35:32,495 - phyluce_align_seqcap_align - WARNING - DROPPED locus uce-1818. Too few taxa (N < 3).
2025-09-22 15:35:32,495 - phyluce_align_seqcap_align - WARNING - DROPPED locus uce-2809. Too few taxa (N < 3).
2025-09-22 15:35:32,495 - phyluce_align_seqcap_align - WARNING - DROPPED locus uce-3342. Too few taxa (N < 3).
2025-09-22 15:35:32,495 - phyluce_align_seqcap_align - WARNING - DROPPED locus uce-2564. Too few taxa (N < 3).
2025-09-22 15:35:32,495 - phyluce_align_seqcap_align - WARNING - DROPPED locus uce-1113. Too few taxa (N < 3).
2025-09-22 15:35:32,495 - phyluce_align_seqcap_align - WARNING - DROPPED locus uce-2639. Too few taxa (N < 3).
2025-09-22 15:35:32,495 - phyluce_align_seqcap_align - WARNING - DROPPED locus uce-210. Too few taxa (N < 3).
2025-09-22 15:35:32,495 - phyluce_align_seqcap_align - WARNING - DROPPED locus uce-2042. Too few taxa (N < 3).
2025-09-22 15:35:32,495 - phyluce_align_seqcap_align - WARNING - DROPPED locus uce-1097. Too few taxa (N < 3).
2025-09-22 15:35:32,495 - phyluce_align_seqcap_align - WARNING - DROPPED locus uce-643. Too few taxa (N < 3).
2025-09-22 15:35:32,495 - phyluce_align_seqcap_align - WARNING - DROPPED locus uce-2050. Too few taxa (N < 3).
2025-09-22 15:35:32,495 - phyluce_align_seqcap_align - WARNING - DROPPED locus uce-2785. Too few taxa (N < 3).
2025-09-22 15:35:32,495 - phyluce_align_seqcap_align - WARNING - DROPPED locus uce-334. Too few taxa (N < 3).
2025-09-22 15:35:32,495 - phyluce_align_seqcap_align - WARNING - DROPPED locus uce-2837. Too few taxa (N < 3).
2025-09-22 15:35:32,495 - phyluce_align_seqcap_align - WARNING - DROPPED locus uce-2838. Too few taxa (N < 3).
2025-09-22 15:35:32,495 - phyluce_align_seqcap_align - WARNING - DROPPED locus uce-3393. Too few taxa (N < 3).
2025-09-22 15:35:32,495 - phyluce_align_seqcap_align - WARNING - DROPPED locus uce-1642. Too few taxa (N < 3).
2025-09-22 15:35:32,495 - phyluce_align_seqcap_align - WARNING - DROPPED locus uce-2035. Too few taxa (N < 3).
2025-09-22 15:35:32,495 - phyluce_align_seqcap_align - WARNING - DROPPED locus uce-562. Too few taxa (N < 3).
2025-09-22 15:35:32,495 - phyluce_align_seqcap_align - WARNING - DROPPED locus uce-2180. Too few taxa (N < 3).
2025-09-22 15:35:32,495 - phyluce_align_seqcap_align - WARNING - DROPPED locus uce-2058. Too few taxa (N < 3).
2025-09-22 15:35:32,495 - phyluce_align_seqcap_align - WARNING - DROPPED locus uce-1426. Too few taxa (N < 3).
2025-09-22 15:35:32,495 - phyluce_align_seqcap_align - WARNING - DROPPED locus uce-35. Too few taxa (N < 3).
2025-09-22 15:35:32,495 - phyluce_align_seqcap_align - WARNING - DROPPED locus uce-3273. Too few taxa (N < 3).
2025-09-22 15:35:32,495 - phyluce_align_seqcap_align - WARNING - DROPPED locus uce-2104. Too few taxa (N < 3).
2025-09-22 15:35:32,496 - phyluce_align_seqcap_align - WARNING - DROPPED locus uce-226. Too few taxa (N < 3).
2025-09-22 15:35:32,496 - phyluce_align_seqcap_align - WARNING - DROPPED locus uce-1519. Too few taxa (N < 3).
2025-09-22 15:35:32,496 - phyluce_align_seqcap_align - WARNING - DROPPED locus uce-1780. Too few taxa (N < 3).
2025-09-22 15:35:32,496 - phyluce_align_seqcap_align - WARNING - DROPPED locus uce-2782. Too few taxa (N < 3).
2025-09-22 15:35:32,496 - phyluce_align_seqcap_align - WARNING - DROPPED locus uce-465. Too few taxa (N < 3).
2025-09-22 15:35:32,496 - phyluce_align_seqcap_align - WARNING - DROPPED locus uce-2684. Too few taxa (N < 3).
2025-09-22 15:35:32,496 - phyluce_align_seqcap_align - WARNING - DROPPED locus uce-319. Too few taxa (N < 3).
2025-09-22 15:35:32,496 - phyluce_align_seqcap_align - WARNING - DROPPED locus uce-2890. Too few taxa (N < 3).
2025-09-22 15:35:32,496 - phyluce_align_seqcap_align - WARNING - DROPPED locus uce-1371. Too few taxa (N < 3).
2025-09-22 15:35:32,496 - phyluce_align_seqcap_align - WARNING - DROPPED locus uce-79. Too few taxa (N < 3).
2025-09-22 15:35:32,496 - phyluce_align_seqcap_align - WARNING - DROPPED locus uce-1232. Too few taxa (N < 3).
2025-09-22 15:35:32,496 - phyluce_align_seqcap_align - WARNING - DROPPED locus uce-321. Too few taxa (N < 3).
2025-09-22 15:35:32,496 - phyluce_align_seqcap_align - WARNING - DROPPED locus uce-706. Too few taxa (N < 3).
2025-09-22 15:35:32,496 - phyluce_align_seqcap_align - WARNING - DROPPED locus uce-1630. Too few taxa (N < 3).
2025-09-22 15:35:32,496 - phyluce_align_seqcap_align - WARNING - DROPPED locus uce-1931. Too few taxa (N < 3).
2025-09-22 15:35:32,496 - phyluce_align_seqcap_align - WARNING - DROPPED locus uce-925. Too few taxa (N < 3).
2025-09-22 15:35:32,496 - phyluce_align_seqcap_align - WARNING - DROPPED locus uce-768. Too few taxa (N < 3).
2025-09-22 15:35:32,496 - phyluce_align_seqcap_align - WARNING - DROPPED locus uce-1820. Too few taxa (N < 3).
2025-09-22 15:35:32,496 - phyluce_align_seqcap_align - WARNING - DROPPED locus uce-3441. Too few taxa (N < 3).
2025-09-22 15:35:32,496 - phyluce_align_seqcap_align - WARNING - DROPPED locus uce-1317. Too few taxa (N < 3).
2025-09-22 15:35:32,496 - phyluce_align_seqcap_align - WARNING - DROPPED locus uce-1243. Too few taxa (N < 3).
2025-09-22 15:35:32,496 - phyluce_align_seqcap_align - WARNING - DROPPED locus uce-1474. Too few taxa (N < 3).
2025-09-22 15:35:32,496 - phyluce_align_seqcap_align - WARNING - DROPPED locus uce-1107. Too few taxa (N < 3).
2025-09-22 15:35:32,496 - phyluce_align_seqcap_align - WARNING - DROPPED locus uce-802. Too few taxa (N < 3).
2025-09-22 15:35:32,496 - phyluce_align_seqcap_align - WARNING - DROPPED locus uce-2300. Too few taxa (N < 3).
2025-09-22 15:35:32,496 - phyluce_align_seqcap_align - WARNING - DROPPED locus uce-3508. Too few taxa (N < 3).
2025-09-22 15:35:32,496 - phyluce_align_seqcap_align - WARNING - DROPPED locus uce-1660. Too few taxa (N < 3).
2025-09-22 15:35:32,496 - phyluce_align_seqcap_align - WARNING - DROPPED locus uce-687. Too few taxa (N < 3).
2025-09-22 15:35:32,496 - phyluce_align_seqcap_align - WARNING - DROPPED locus uce-1384. Too few taxa (N < 3).
2025-09-22 15:35:32,496 - phyluce_align_seqcap_align - WARNING - DROPPED locus uce-2091. Too few taxa (N < 3).
2025-09-22 15:35:32,497 - phyluce_align_seqcap_align - WARNING - DROPPED locus uce-263. Too few taxa (N < 3).
2025-09-22 15:35:32,497 - phyluce_align_seqcap_align - WARNING - DROPPED locus uce-2198. Too few taxa (N < 3).
2025-09-22 15:35:32,497 - phyluce_align_seqcap_align - WARNING - DROPPED locus uce-531. Too few taxa (N < 3).
2025-09-22 15:35:32,497 - phyluce_align_seqcap_align - WARNING - DROPPED locus uce-2537. Too few taxa (N < 3).
2025-09-22 15:35:32,497 - phyluce_align_seqcap_align - WARNING - DROPPED locus uce-2585. Too few taxa (N < 3).
2025-09-22 15:35:32,497 - phyluce_align_seqcap_align - WARNING - DROPPED locus uce-2353. Too few taxa (N < 3).
2025-09-22 15:35:32,497 - phyluce_align_seqcap_align - WARNING - DROPPED locus uce-3492. Too few taxa (N < 3).
2025-09-22 15:35:32,497 - phyluce_align_seqcap_align - WARNING - DROPPED locus uce-1009. Too few taxa (N < 3).
2025-09-22 15:35:32,497 - phyluce_align_seqcap_align - WARNING - DROPPED locus uce-2387. Too few taxa (N < 3).
2025-09-22 15:35:32,497 - phyluce_align_seqcap_align - WARNING - DROPPED locus uce-481. Too few taxa (N < 3).
2025-09-22 15:35:32,497 - phyluce_align_seqcap_align - WARNING - DROPPED locus uce-2175. Too few taxa (N < 3).
2025-09-22 15:35:32,497 - phyluce_align_seqcap_align - WARNING - DROPPED locus uce-1856. Too few taxa (N < 3).
2025-09-22 15:35:32,497 - phyluce_align_seqcap_align - WARNING - DROPPED locus uce-668. Too few taxa (N < 3).
2025-09-22 15:35:32,497 - phyluce_align_seqcap_align - WARNING - DROPPED locus uce-839. Too few taxa (N < 3).
2025-09-22 15:35:32,497 - phyluce_align_seqcap_align - WARNING - DROPPED locus uce-2482. Too few taxa (N < 3).
2025-09-22 15:35:32,497 - phyluce_align_seqcap_align - WARNING - DROPPED locus uce-1916. Too few taxa (N < 3).
2025-09-22 15:35:32,497 - phyluce_align_seqcap_align - WARNING - DROPPED locus uce-850. Too few taxa (N < 3).
2025-09-22 15:35:32,497 - phyluce_align_seqcap_align - WARNING - DROPPED locus uce-2311. Too few taxa (N < 3).
2025-09-22 15:35:32,497 - phyluce_align_seqcap_align - WARNING - DROPPED locus uce-3119. Too few taxa (N < 3).
2025-09-22 15:35:32,497 - phyluce_align_seqcap_align - WARNING - DROPPED locus uce-2009. Too few taxa (N < 3).
2025-09-22 15:35:32,497 - phyluce_align_seqcap_align - WARNING - DROPPED locus uce-3117. Too few taxa (N < 3).
2025-09-22 15:35:32,497 - phyluce_align_seqcap_align - WARNING - DROPPED locus uce-259. Too few taxa (N < 3).
2025-09-22 15:35:32,497 - phyluce_align_seqcap_align - WARNING - DROPPED locus uce-1879. Too few taxa (N < 3).
2025-09-22 15:35:32,497 - phyluce_align_seqcap_align - WARNING - DROPPED locus uce-378. Too few taxa (N < 3).
2025-09-22 15:35:32,497 - phyluce_align_seqcap_align - WARNING - DROPPED locus uce-718. Too few taxa (N < 3).
2025-09-22 15:35:32,497 - phyluce_align_seqcap_align - WARNING - DROPPED locus uce-42. Too few taxa (N < 3).
2025-09-22 15:35:32,497 - phyluce_align_seqcap_align - WARNING - DROPPED locus uce-745. Too few taxa (N < 3).
2025-09-22 15:35:32,497 - phyluce_align_seqcap_align - WARNING - DROPPED locus uce-743. Too few taxa (N < 3).
2025-09-22 15:35:32,497 - phyluce_align_seqcap_align - WARNING - DROPPED locus uce-611. Too few taxa (N < 3).
2025-09-22 15:35:32,497 - phyluce_align_seqcap_align - WARNING - DROPPED locus uce-595. Too few taxa (N < 3).
2025-09-22 15:35:32,497 - phyluce_align_seqcap_align - WARNING - DROPPED locus uce-2742. Too few taxa (N < 3).
2025-09-22 15:35:32,497 - phyluce_align_seqcap_align - WARNING - DROPPED locus uce-3359. Too few taxa (N < 3).
2025-09-22 15:35:32,498 - phyluce_align_seqcap_align - WARNING - DROPPED locus uce-193. Too few taxa (N < 3).
2025-09-22 15:35:32,498 - phyluce_align_seqcap_align - WARNING - DROPPED locus uce-971. Too few taxa (N < 3).
2025-09-22 15:35:32,498 - phyluce_align_seqcap_align - WARNING - DROPPED locus uce-2600. Too few taxa (N < 3).
2025-09-22 15:35:32,498 - phyluce_align_seqcap_align - WARNING - DROPPED locus uce-1522. Too few taxa (N < 3).
2025-09-22 15:35:32,498 - phyluce_align_seqcap_align - WARNING - DROPPED locus uce-2296. Too few taxa (N < 3).
2025-09-22 15:35:32,498 - phyluce_align_seqcap_align - WARNING - DROPPED locus uce-3378. Too few taxa (N < 3).
2025-09-22 15:35:32,498 - phyluce_align_seqcap_align - WARNING - DROPPED locus uce-3012. Too few taxa (N < 3).
2025-09-22 15:35:32,498 - phyluce_align_seqcap_align - WARNING - DROPPED locus uce-1895. Too few taxa (N < 3).
2025-09-22 15:35:32,498 - phyluce_align_seqcap_align - WARNING - DROPPED locus uce-2882. Too few taxa (N < 3).
2025-09-22 15:35:32,498 - phyluce_align_seqcap_align - WARNING - DROPPED locus uce-2227. Too few taxa (N < 3).
2025-09-22 15:35:32,498 - phyluce_align_seqcap_align - WARNING - DROPPED locus uce-2653. Too few taxa (N < 3).
2025-09-22 15:35:32,498 - phyluce_align_seqcap_align - WARNING - DROPPED locus uce-2927. Too few taxa (N < 3).
2025-09-22 15:35:32,498 - phyluce_align_seqcap_align - WARNING - DROPPED locus uce-2181. Too few taxa (N < 3).
2025-09-22 15:35:32,498 - phyluce_align_seqcap_align - WARNING - DROPPED locus uce-1405. Too few taxa (N < 3).
2025-09-22 15:35:32,498 - phyluce_align_seqcap_align - WARNING - DROPPED locus uce-414. Too few taxa (N < 3).
2025-09-22 15:35:32,498 - phyluce_align_seqcap_align - WARNING - DROPPED locus uce-3106. Too few taxa (N < 3).
2025-09-22 15:35:32,498 - phyluce_align_seqcap_align - WARNING - DROPPED locus uce-3157. Too few taxa (N < 3).
2025-09-22 15:35:32,498 - phyluce_align_seqcap_align - WARNING - DROPPED locus uce-2194. Too few taxa (N < 3).
2025-09-22 15:35:32,498 - phyluce_align_seqcap_align - WARNING - DROPPED locus uce-2003. Too few taxa (N < 3).
2025-09-22 15:35:32,498 - phyluce_align_seqcap_align - WARNING - DROPPED locus uce-234. Too few taxa (N < 3).
2025-09-22 15:35:32,498 - phyluce_align_seqcap_align - WARNING - DROPPED locus uce-43. Too few taxa (N < 3).
2025-09-22 15:35:32,498 - phyluce_align_seqcap_align - WARNING - DROPPED locus uce-3060. Too few taxa (N < 3).
2025-09-22 15:35:32,498 - phyluce_align_seqcap_align - WARNING - DROPPED locus uce-1377. Too few taxa (N < 3).
2025-09-22 15:35:32,498 - phyluce_align_seqcap_align - WARNING - DROPPED locus uce-3287. Too few taxa (N < 3).
2025-09-22 15:35:32,498 - phyluce_align_seqcap_align - WARNING - DROPPED locus uce-1237. Too few taxa (N < 3).
2025-09-22 15:35:32,498 - phyluce_align_seqcap_align - WARNING - DROPPED locus uce-836. Too few taxa (N < 3).
2025-09-22 15:35:32,498 - phyluce_align_seqcap_align - WARNING - DROPPED locus uce-1347. Too few taxa (N < 3).
2025-09-22 15:35:32,498 - phyluce_align_seqcap_align - WARNING - DROPPED locus uce-1920. Too few taxa (N < 3).
2025-09-22 15:35:32,498 - phyluce_align_seqcap_align - WARNING - DROPPED locus uce-1390. Too few taxa (N < 3).
2025-09-22 15:35:32,498 - phyluce_align_seqcap_align - WARNING - DROPPED locus uce-765. Too few taxa (N < 3).
2025-09-22 15:35:32,498 - phyluce_align_seqcap_align - WARNING - DROPPED locus uce-1432. Too few taxa (N < 3).
2025-09-22 15:35:32,498 - phyluce_align_seqcap_align - WARNING - DROPPED locus uce-3341. Too few taxa (N < 3).
2025-09-22 15:35:32,499 - phyluce_align_seqcap_align - WARNING - DROPPED locus uce-939. Too few taxa (N < 3).
2025-09-22 15:35:32,499 - phyluce_align_seqcap_align - WARNING - DROPPED locus uce-1738. Too few taxa (N < 3).
2025-09-22 15:35:32,499 - phyluce_align_seqcap_align - WARNING - DROPPED locus uce-1774. Too few taxa (N < 3).
2025-09-22 15:35:32,499 - phyluce_align_seqcap_align - WARNING - DROPPED locus uce-2812. Too few taxa (N < 3).
2025-09-22 15:35:32,499 - phyluce_align_seqcap_align - WARNING - DROPPED locus uce-3512. Too few taxa (N < 3).
2025-09-22 15:35:32,499 - phyluce_align_seqcap_align - WARNING - DROPPED locus uce-1617. Too few taxa (N < 3).
2025-09-22 15:35:32,499 - phyluce_align_seqcap_align - WARNING - DROPPED locus uce-2946. Too few taxa (N < 3).
2025-09-22 15:35:32,499 - phyluce_align_seqcap_align - WARNING - DROPPED locus uce-2870. Too few taxa (N < 3).
2025-09-22 15:35:32,499 - phyluce_align_seqcap_align - WARNING - DROPPED locus uce-123. Too few taxa (N < 3).
2025-09-22 15:35:32,499 - phyluce_align_seqcap_align - WARNING - DROPPED locus uce-1800. Too few taxa (N < 3).
2025-09-22 15:35:32,499 - phyluce_align_seqcap_align - WARNING - DROPPED locus uce-2049. Too few taxa (N < 3).
2025-09-22 15:35:32,499 - phyluce_align_seqcap_align - WARNING - DROPPED locus uce-1483. Too few taxa (N < 3).
2025-09-22 15:35:32,499 - phyluce_align_seqcap_align - WARNING - DROPPED locus uce-2948. Too few taxa (N < 3).
2025-09-22 15:35:32,499 - phyluce_align_seqcap_align - WARNING - DROPPED locus uce-3212. Too few taxa (N < 3).
2025-09-22 15:35:32,499 - phyluce_align_seqcap_align - WARNING - DROPPED locus uce-2960. Too few taxa (N < 3).
2025-09-22 15:35:32,499 - phyluce_align_seqcap_align - WARNING - DROPPED locus uce-1598. Too few taxa (N < 3).
2025-09-22 15:35:32,499 - phyluce_align_seqcap_align - WARNING - DROPPED locus uce-2159. Too few taxa (N < 3).
2025-09-22 15:35:32,499 - phyluce_align_seqcap_align - WARNING - DROPPED locus uce-2359. Too few taxa (N < 3).
2025-09-22 15:35:32,499 - phyluce_align_seqcap_align - WARNING - DROPPED locus uce-1775. Too few taxa (N < 3).
2025-09-22 15:35:32,499 - phyluce_align_seqcap_align - WARNING - DROPPED locus uce-16. Too few taxa (N < 3).
2025-09-22 15:35:32,499 - phyluce_align_seqcap_align - WARNING - DROPPED locus uce-1827. Too few taxa (N < 3).
2025-09-22 15:35:32,499 - phyluce_align_seqcap_align - WARNING - DROPPED locus uce-1433. Too few taxa (N < 3).
2025-09-22 15:35:32,499 - phyluce_align_seqcap_align - WARNING - DROPPED locus uce-388. Too few taxa (N < 3).
2025-09-22 15:35:32,499 - phyluce_align_seqcap_align - WARNING - DROPPED locus uce-2568. Too few taxa (N < 3).
2025-09-22 15:35:32,499 - phyluce_align_seqcap_align - WARNING - DROPPED locus uce-73. Too few taxa (N < 3).
2025-09-22 15:35:32,499 - phyluce_align_seqcap_align - WARNING - DROPPED locus uce-1933. Too few taxa (N < 3).
2025-09-22 15:35:32,499 - phyluce_align_seqcap_align - WARNING - DROPPED locus uce-416. Too few taxa (N < 3).
2025-09-22 15:35:32,499 - phyluce_align_seqcap_align - WARNING - DROPPED locus uce-847. Too few taxa (N < 3).
2025-09-22 15:35:32,499 - phyluce_align_seqcap_align - WARNING - DROPPED locus uce-6. Too few taxa (N < 3).
2025-09-22 15:35:32,499 - phyluce_align_seqcap_align - WARNING - DROPPED locus uce-956. Too few taxa (N < 3).
2025-09-22 15:35:32,499 - phyluce_align_seqcap_align - WARNING - DROPPED locus uce-1468. Too few taxa (N < 3).
2025-09-22 15:35:32,499 - phyluce_align_seqcap_align - WARNING - DROPPED locus uce-985. Too few taxa (N < 3).
2025-09-22 15:35:32,500 - phyluce_align_seqcap_align - WARNING - DROPPED locus uce-355. Too few taxa (N < 3).
2025-09-22 15:35:32,500 - phyluce_align_seqcap_align - WARNING - DROPPED locus uce-3051. Too few taxa (N < 3).
2025-09-22 15:35:32,500 - phyluce_align_seqcap_align - WARNING - DROPPED locus uce-2875. Too few taxa (N < 3).
2025-09-22 15:35:32,500 - phyluce_align_seqcap_align - WARNING - DROPPED locus uce-444. Too few taxa (N < 3).
2025-09-22 15:35:32,500 - phyluce_align_seqcap_align - WARNING - DROPPED locus uce-3008. Too few taxa (N < 3).
2025-09-22 15:35:32,500 - phyluce_align_seqcap_align - WARNING - DROPPED locus uce-793. Too few taxa (N < 3).
2025-09-22 15:35:32,500 - phyluce_align_seqcap_align - WARNING - DROPPED locus uce-3007. Too few taxa (N < 3).
2025-09-22 15:35:32,500 - phyluce_align_seqcap_align - WARNING - DROPPED locus uce-3391. Too few taxa (N < 3).
2025-09-22 15:35:32,500 - phyluce_align_seqcap_align - WARNING - DROPPED locus uce-1458. Too few taxa (N < 3).
2025-09-22 15:35:32,500 - phyluce_align_seqcap_align - WARNING - DROPPED locus uce-1928. Too few taxa (N < 3).
2025-09-22 15:35:32,500 - phyluce_align_seqcap_align - WARNING - DROPPED locus uce-3494. Too few taxa (N < 3).
2025-09-22 15:35:32,500 - phyluce_align_seqcap_align - WARNING - DROPPED locus uce-1543. Too few taxa (N < 3).
2025-09-22 15:35:32,500 - phyluce_align_seqcap_align - WARNING - DROPPED locus uce-29. Too few taxa (N < 3).
2025-09-22 15:35:32,500 - phyluce_align_seqcap_align - WARNING - DROPPED locus uce-2881. Too few taxa (N < 3).
2025-09-22 15:35:32,500 - phyluce_align_seqcap_align - WARNING - DROPPED locus uce-1120. Too few taxa (N < 3).
2025-09-22 15:35:32,500 - phyluce_align_seqcap_align - WARNING - DROPPED locus uce-986. Too few taxa (N < 3).
2025-09-22 15:35:32,500 - phyluce_align_seqcap_align - WARNING - DROPPED locus uce-26. Too few taxa (N < 3).
2025-09-22 15:35:32,500 - phyluce_align_seqcap_align - WARNING - DROPPED locus uce-3210. Too few taxa (N < 3).
2025-09-22 15:35:32,500 - phyluce_align_seqcap_align - WARNING - DROPPED locus uce-2643. Too few taxa (N < 3).
2025-09-22 15:35:32,500 - phyluce_align_seqcap_align - WARNING - DROPPED locus uce-2775. Too few taxa (N < 3).
2025-09-22 15:35:32,500 - phyluce_align_seqcap_align - WARNING - DROPPED locus uce-3379. Too few taxa (N < 3).
2025-09-22 15:35:32,500 - phyluce_align_seqcap_align - WARNING - DROPPED locus uce-577. Too few taxa (N < 3).
2025-09-22 15:35:32,500 - phyluce_align_seqcap_align - WARNING - DROPPED locus uce-2864. Too few taxa (N < 3).
2025-09-22 15:35:32,500 - phyluce_align_seqcap_align - WARNING - DROPPED locus uce-3350. Too few taxa (N < 3).
2025-09-22 15:35:32,500 - phyluce_align_seqcap_align - WARNING - DROPPED locus uce-64. Too few taxa (N < 3).
2025-09-22 15:35:32,500 - phyluce_align_seqcap_align - WARNING - DROPPED locus uce-834. Too few taxa (N < 3).
2025-09-22 15:35:32,500 - phyluce_align_seqcap_align - WARNING - DROPPED locus uce-225. Too few taxa (N < 3).
2025-09-22 15:35:32,500 - phyluce_align_seqcap_align - WARNING - DROPPED locus uce-862. Too few taxa (N < 3).
2025-09-22 15:35:32,500 - phyluce_align_seqcap_align - WARNING - DROPPED locus uce-2657. Too few taxa (N < 3).
2025-09-22 15:35:32,500 - phyluce_align_seqcap_align - WARNING - DROPPED locus uce-1730. Too few taxa (N < 3).
2025-09-22 15:35:32,500 - phyluce_align_seqcap_align - WARNING - DROPPED locus uce-2849. Too few taxa (N < 3).
2025-09-22 15:35:32,500 - phyluce_align_seqcap_align - WARNING - DROPPED locus uce-1888. Too few taxa (N < 3).
2025-09-22 15:35:32,500 - phyluce_align_seqcap_align - WARNING - DROPPED locus uce-2832. Too few taxa (N < 3).
2025-09-22 15:35:32,501 - phyluce_align_seqcap_align - WARNING - DROPPED locus uce-1700. Too few taxa (N < 3).
2025-09-22 15:35:32,501 - phyluce_align_seqcap_align - WARNING - DROPPED locus uce-3312. Too few taxa (N < 3).
2025-09-22 15:35:32,501 - phyluce_align_seqcap_align - WARNING - DROPPED locus uce-2789. Too few taxa (N < 3).
2025-09-22 15:35:32,501 - phyluce_align_seqcap_align - WARNING - DROPPED locus uce-700. Too few taxa (N < 3).
2025-09-22 15:35:32,501 - phyluce_align_seqcap_align - WARNING - DROPPED locus uce-1537. Too few taxa (N < 3).
2025-09-22 15:35:32,501 - phyluce_align_seqcap_align - WARNING - DROPPED locus uce-3190. Too few taxa (N < 3).
2025-09-22 15:35:32,501 - phyluce_align_seqcap_align - WARNING - DROPPED locus uce-750. Too few taxa (N < 3).
2025-09-22 15:35:32,501 - phyluce_align_seqcap_align - WARNING - DROPPED locus uce-189. Too few taxa (N < 3).
2025-09-22 15:35:32,501 - phyluce_align_seqcap_align - WARNING - DROPPED locus uce-137. Too few taxa (N < 3).
2025-09-22 15:35:32,501 - phyluce_align_seqcap_align - WARNING - DROPPED locus uce-854. Too few taxa (N < 3).
2025-09-22 15:35:32,501 - phyluce_align_seqcap_align - WARNING - DROPPED locus uce-28. Too few taxa (N < 3).
2025-09-22 15:35:32,501 - phyluce_align_seqcap_align - WARNING - DROPPED locus uce-347. Too few taxa (N < 3).
2025-09-22 15:35:32,501 - phyluce_align_seqcap_align - WARNING - DROPPED locus uce-669. Too few taxa (N < 3).
2025-09-22 15:35:32,501 - phyluce_align_seqcap_align - WARNING - DROPPED locus uce-107. Too few taxa (N < 3).
2025-09-22 15:35:32,501 - phyluce_align_seqcap_align - WARNING - DROPPED locus uce-758. Too few taxa (N < 3).
2025-09-22 15:35:32,501 - phyluce_align_seqcap_align - WARNING - DROPPED locus uce-1544. Too few taxa (N < 3).
2025-09-22 15:35:32,501 - phyluce_align_seqcap_align - WARNING - DROPPED locus uce-3369. Too few taxa (N < 3).
2025-09-22 15:35:32,501 - phyluce_align_seqcap_align - WARNING - DROPPED locus uce-1756. Too few taxa (N < 3).
2025-09-22 15:35:32,501 - phyluce_align_seqcap_align - WARNING - DROPPED locus uce-1199. Too few taxa (N < 3).
2025-09-22 15:35:32,501 - phyluce_align_seqcap_align - WARNING - DROPPED locus uce-1712. Too few taxa (N < 3).
2025-09-22 15:35:32,501 - phyluce_align_seqcap_align - WARNING - DROPPED locus uce-658. Too few taxa (N < 3).
2025-09-22 15:35:32,501 - phyluce_align_seqcap_align - WARNING - DROPPED locus uce-1046. Too few taxa (N < 3).
2025-09-22 15:35:32,501 - phyluce_align_seqcap_align - WARNING - DROPPED locus uce-807. Too few taxa (N < 3).
2025-09-22 15:35:32,501 - phyluce_align_seqcap_align - WARNING - DROPPED locus uce-2218. Too few taxa (N < 3).
2025-09-22 15:35:32,501 - phyluce_align_seqcap_align - WARNING - DROPPED locus uce-3120. Too few taxa (N < 3).
2025-09-22 15:35:32,501 - phyluce_align_seqcap_align - WARNING - DROPPED locus uce-526. Too few taxa (N < 3).
2025-09-22 15:35:32,501 - phyluce_align_seqcap_align - WARNING - DROPPED locus uce-1776. Too few taxa (N < 3).
2025-09-22 15:35:32,501 - phyluce_align_seqcap_align - WARNING - DROPPED locus uce-2197. Too few taxa (N < 3).
2025-09-22 15:35:32,501 - phyluce_align_seqcap_align - WARNING - DROPPED locus uce-3104. Too few taxa (N < 3).
2025-09-22 15:35:32,501 - phyluce_align_seqcap_align - WARNING - DROPPED locus uce-167. Too few taxa (N < 3).
2025-09-22 15:35:32,501 - phyluce_align_seqcap_align - WARNING - DROPPED locus uce-2016. Too few taxa (N < 3).
2025-09-22 15:35:32,502 - phyluce_align_seqcap_align - WARNING - DROPPED locus uce-2385. Too few taxa (N < 3).
2025-09-22 15:35:32,502 - phyluce_align_seqcap_align - WARNING - DROPPED locus uce-46. Too few taxa (N < 3).
2025-09-22 15:35:32,502 - phyluce_align_seqcap_align - WARNING - DROPPED locus uce-1427. Too few taxa (N < 3).
2025-09-22 15:35:32,502 - phyluce_align_seqcap_align - WARNING - DROPPED locus uce-351. Too few taxa (N < 3).
2025-09-22 15:35:32,502 - phyluce_align_seqcap_align - WARNING - DROPPED locus uce-2190. Too few taxa (N < 3).
2025-09-22 15:35:32,502 - phyluce_align_seqcap_align - WARNING - DROPPED locus uce-1019. Too few taxa (N < 3).
2025-09-22 15:35:32,502 - phyluce_align_seqcap_align - WARNING - DROPPED locus uce-3048. Too few taxa (N < 3).
2025-09-22 15:35:32,502 - phyluce_align_seqcap_align - WARNING - DROPPED locus uce-1755. Too few taxa (N < 3).
2025-09-22 15:35:32,502 - phyluce_align_seqcap_align - WARNING - DROPPED locus uce-1395. Too few taxa (N < 3).
2025-09-22 15:35:32,502 - phyluce_align_seqcap_align - WARNING - DROPPED locus uce-2930. Too few taxa (N < 3).
2025-09-22 15:35:32,502 - phyluce_align_seqcap_align - WARNING - DROPPED locus uce-2555. Too few taxa (N < 3).
2025-09-22 15:35:32,502 - phyluce_align_seqcap_align - WARNING - DROPPED locus uce-159. Too few taxa (N < 3).
2025-09-22 15:35:32,502 - phyluce_align_seqcap_align - WARNING - DROPPED locus uce-1101. Too few taxa (N < 3).
2025-09-22 15:35:32,502 - phyluce_align_seqcap_align - WARNING - DROPPED locus uce-2642. Too few taxa (N < 3).
2025-09-22 15:35:32,502 - phyluce_align_seqcap_align - WARNING - DROPPED locus uce-811. Too few taxa (N < 3).
2025-09-22 15:35:32,502 - phyluce_align_seqcap_align - WARNING - DROPPED locus uce-2813. Too few taxa (N < 3).
2025-09-22 15:35:32,502 - phyluce_align_seqcap_align - WARNING - DROPPED locus uce-830. Too few taxa (N < 3).
2025-09-22 15:35:32,502 - phyluce_align_seqcap_align - WARNING - DROPPED locus uce-350. Too few taxa (N < 3).
2025-09-22 15:35:32,507 - phyluce_align_seqcap_align - INFO - Aligning with MAFFT
2025-09-22 15:35:32,507 - phyluce_align_seqcap_align - INFO - Alignment begins. 'X' indicates dropped alignments (these are reported after alignment)
2025-09-22 15:36:15,324 - phyluce_align_seqcap_align - INFO - Alignment ends
2025-09-22 15:36:15,325 - phyluce_align_seqcap_align - INFO - Writing output files
2025-09-22 15:36:15,984 - phyluce_align_seqcap_align - INFO - ============== Completed phyluce_align_seqcap_align =============
2025-09-22 15:37:44,376 - phyluce_align_seqcap_align - INFO - ============== Starting phyluce_align_seqcap_align ==============
2025-09-22 15:37:44,376 - phyluce_align_seqcap_align - INFO - Version: 1.7.3
2025-09-22 15:37:44,376 - phyluce_align_seqcap_align - INFO - Commit: None
2025-09-22 15:37:44,376 - phyluce_align_seqcap_align - INFO - Argument --aligner: mafft
2025-09-22 15:37:44,376 - phyluce_align_seqcap_align - INFO - Argument --ambiguous: False
2025-09-22 15:37:44,376 - phyluce_align_seqcap_align - INFO - Argument --cores: 12
2025-09-22 15:37:44,376 - phyluce_align_seqcap_align - INFO - Argument --input: /home/shared/8TB_HDD_02/mewing0/bivalve_gametogenesis/data/phyluce/taxon-set1/dataset1_incomplete_v2.fasta
2025-09-22 15:37:44,376 - phyluce_align_seqcap_align - INFO - Argument --log_path: /home/shared/8TB_HDD_02/mewing0/bivalve_gametogenesis/data/phyluce/taxon-set1/log-inc_v2
2025-09-22 15:37:44,376 - phyluce_align_seqcap_align - INFO - Argument --max_divergence: 0.2
2025-09-22 15:37:44,376 - phyluce_align_seqcap_align - INFO - Argument --min_length: 100
2025-09-22 15:37:44,376 - phyluce_align_seqcap_align - INFO - Argument --no_trim: True
2025-09-22 15:37:44,376 - phyluce_align_seqcap_align - INFO - Argument --notstrict: True
2025-09-22 15:37:44,376 - phyluce_align_seqcap_align - INFO - Argument --output: /home/shared/8TB_HDD_02/mewing0/bivalve_gametogenesis/data/phyluce/taxon-set1/mafft-nexus-internal-trimmed-inc_v2
2025-09-22 15:37:44,377 - phyluce_align_seqcap_align - INFO - Argument --output_format: fasta
2025-09-22 15:37:44,377 - phyluce_align_seqcap_align - INFO - Argument --proportion: 0.65
2025-09-22 15:37:44,377 - phyluce_align_seqcap_align - INFO - Argument --taxa: 18
2025-09-22 15:37:44,377 - phyluce_align_seqcap_align - INFO - Argument --threshold: 0.65
2025-09-22 15:37:44,377 - phyluce_align_seqcap_align - INFO - Argument --verbosity: INFO
2025-09-22 15:37:44,377 - phyluce_align_seqcap_align - INFO - Argument --window: 20
2025-09-22 15:37:44,377 - phyluce_align_seqcap_align - INFO - Building the locus dictionary
2025-09-22 15:37:44,377 - phyluce_align_seqcap_align - INFO - Removing ALL sequences with ambiguous bases...
2025-09-22 15:37:44,677 - phyluce_align_seqcap_align - WARNING - DROPPED locus uce-1193. Too few taxa (N < 3).
2025-09-22 15:37:44,677 - phyluce_align_seqcap_align - WARNING - DROPPED locus uce-2932. Too few taxa (N < 3).
2025-09-22 15:37:44,677 - phyluce_align_seqcap_align - WARNING - DROPPED locus uce-1037. Too few taxa (N < 3).
2025-09-22 15:37:44,677 - phyluce_align_seqcap_align - WARNING - DROPPED locus uce-466. Too few taxa (N < 3).
2025-09-22 15:37:44,677 - phyluce_align_seqcap_align - WARNING - DROPPED locus uce-3308. Too few taxa (N < 3).
2025-09-22 15:37:44,677 - phyluce_align_seqcap_align - WARNING - DROPPED locus uce-3460. Too few taxa (N < 3).
2025-09-22 15:37:44,677 - phyluce_align_seqcap_align - WARNING - DROPPED locus uce-612. Too few taxa (N < 3).
2025-09-22 15:37:44,677 - phyluce_align_seqcap_align - WARNING - DROPPED locus uce-129. Too few taxa (N < 3).
2025-09-22 15:37:44,677 - phyluce_align_seqcap_align - WARNING - DROPPED locus uce-815. Too few taxa (N < 3).
2025-09-22 15:37:44,677 - phyluce_align_seqcap_align - WARNING - DROPPED locus uce-1269. Too few taxa (N < 3).
2025-09-22 15:37:44,677 - phyluce_align_seqcap_align - WARNING - DROPPED locus uce-973. Too few taxa (N < 3).
2025-09-22 15:37:44,677 - phyluce_align_seqcap_align - WARNING - DROPPED locus uce-32. Too few taxa (N < 3).
2025-09-22 15:37:44,678 - phyluce_align_seqcap_align - WARNING - DROPPED locus uce-3156. Too few taxa (N < 3).
2025-09-22 15:37:44,678 - phyluce_align_seqcap_align - WARNING - DROPPED locus uce-1556. Too few taxa (N < 3).
2025-09-22 15:37:44,678 - phyluce_align_seqcap_align - WARNING - DROPPED locus uce-2876. Too few taxa (N < 3).
2025-09-22 15:37:44,678 - phyluce_align_seqcap_align - WARNING - DROPPED locus uce-1396. Too few taxa (N < 3).
2025-09-22 15:37:44,678 - phyluce_align_seqcap_align - WARNING - DROPPED locus uce-3211. Too few taxa (N < 3).
2025-09-22 15:37:44,678 - phyluce_align_seqcap_align - WARNING - DROPPED locus uce-2093. Too few taxa (N < 3).
2025-09-22 15:37:44,678 - phyluce_align_seqcap_align - WARNING - DROPPED locus uce-1406. Too few taxa (N < 3).
2025-09-22 15:37:44,678 - phyluce_align_seqcap_align - WARNING - DROPPED locus uce-1408. Too few taxa (N < 3).
2025-09-22 15:37:44,678 - phyluce_align_seqcap_align - WARNING - DROPPED locus uce-3068. Too few taxa (N < 3).
2025-09-22 15:37:44,678 - phyluce_align_seqcap_align - WARNING - DROPPED locus uce-3065. Too few taxa (N < 3).
2025-09-22 15:37:44,678 - phyluce_align_seqcap_align - WARNING - DROPPED locus uce-1214. Too few taxa (N < 3).
2025-09-22 15:37:44,678 - phyluce_align_seqcap_align - WARNING - DROPPED locus uce-1503. Too few taxa (N < 3).
2025-09-22 15:37:44,678 - phyluce_align_seqcap_align - WARNING - DROPPED locus uce-3413. Too few taxa (N < 3).
2025-09-22 15:37:44,678 - phyluce_align_seqcap_align - WARNING - DROPPED locus uce-2916. Too few taxa (N < 3).
2025-09-22 15:37:44,678 - phyluce_align_seqcap_align - WARNING - DROPPED locus uce-447. Too few taxa (N < 3).
2025-09-22 15:37:44,678 - phyluce_align_seqcap_align - WARNING - DROPPED locus uce-1797. Too few taxa (N < 3).
2025-09-22 15:37:44,678 - phyluce_align_seqcap_align - WARNING - DROPPED locus uce-3247. Too few taxa (N < 3).
2025-09-22 15:37:44,678 - phyluce_align_seqcap_align - WARNING - DROPPED locus uce-2591. Too few taxa (N < 3).
2025-09-22 15:37:44,678 - phyluce_align_seqcap_align - WARNING - DROPPED locus uce-2203. Too few taxa (N < 3).
2025-09-22 15:37:44,678 - phyluce_align_seqcap_align - WARNING - DROPPED locus uce-1818. Too few taxa (N < 3).
2025-09-22 15:37:44,678 - phyluce_align_seqcap_align - WARNING - DROPPED locus uce-2809. Too few taxa (N < 3).
2025-09-22 15:37:44,678 - phyluce_align_seqcap_align - WARNING - DROPPED locus uce-3342. Too few taxa (N < 3).
2025-09-22 15:37:44,678 - phyluce_align_seqcap_align - WARNING - DROPPED locus uce-2564. Too few taxa (N < 3).
2025-09-22 15:37:44,678 - phyluce_align_seqcap_align - WARNING - DROPPED locus uce-1113. Too few taxa (N < 3).
2025-09-22 15:37:44,678 - phyluce_align_seqcap_align - WARNING - DROPPED locus uce-2639. Too few taxa (N < 3).
2025-09-22 15:37:44,678 - phyluce_align_seqcap_align - WARNING - DROPPED locus uce-210. Too few taxa (N < 3).
2025-09-22 15:37:44,678 - phyluce_align_seqcap_align - WARNING - DROPPED locus uce-2042. Too few taxa (N < 3).
2025-09-22 15:37:44,678 - phyluce_align_seqcap_align - WARNING - DROPPED locus uce-1097. Too few taxa (N < 3).
2025-09-22 15:37:44,678 - phyluce_align_seqcap_align - WARNING - DROPPED locus uce-643. Too few taxa (N < 3).
2025-09-22 15:37:44,678 - phyluce_align_seqcap_align - WARNING - DROPPED locus uce-2050. Too few taxa (N < 3).
2025-09-22 15:37:44,679 - phyluce_align_seqcap_align - WARNING - DROPPED locus uce-2785. Too few taxa (N < 3).
2025-09-22 15:37:44,679 - phyluce_align_seqcap_align - WARNING - DROPPED locus uce-334. Too few taxa (N < 3).
2025-09-22 15:37:44,679 - phyluce_align_seqcap_align - WARNING - DROPPED locus uce-2837. Too few taxa (N < 3).
2025-09-22 15:37:44,679 - phyluce_align_seqcap_align - WARNING - DROPPED locus uce-2838. Too few taxa (N < 3).
2025-09-22 15:37:44,679 - phyluce_align_seqcap_align - WARNING - DROPPED locus uce-3393. Too few taxa (N < 3).
2025-09-22 15:37:44,679 - phyluce_align_seqcap_align - WARNING - DROPPED locus uce-1642. Too few taxa (N < 3).
2025-09-22 15:37:44,679 - phyluce_align_seqcap_align - WARNING - DROPPED locus uce-2035. Too few taxa (N < 3).
2025-09-22 15:37:44,679 - phyluce_align_seqcap_align - WARNING - DROPPED locus uce-562. Too few taxa (N < 3).
2025-09-22 15:37:44,679 - phyluce_align_seqcap_align - WARNING - DROPPED locus uce-2180. Too few taxa (N < 3).
2025-09-22 15:37:44,679 - phyluce_align_seqcap_align - WARNING - DROPPED locus uce-2058. Too few taxa (N < 3).
2025-09-22 15:37:44,679 - phyluce_align_seqcap_align - WARNING - DROPPED locus uce-1426. Too few taxa (N < 3).
2025-09-22 15:37:44,679 - phyluce_align_seqcap_align - WARNING - DROPPED locus uce-35. Too few taxa (N < 3).
2025-09-22 15:37:44,679 - phyluce_align_seqcap_align - WARNING - DROPPED locus uce-3273. Too few taxa (N < 3).
2025-09-22 15:37:44,679 - phyluce_align_seqcap_align - WARNING - DROPPED locus uce-2104. Too few taxa (N < 3).
2025-09-22 15:37:44,679 - phyluce_align_seqcap_align - WARNING - DROPPED locus uce-226. Too few taxa (N < 3).
2025-09-22 15:37:44,679 - phyluce_align_seqcap_align - WARNING - DROPPED locus uce-1519. Too few taxa (N < 3).
2025-09-22 15:37:44,679 - phyluce_align_seqcap_align - WARNING - DROPPED locus uce-1780. Too few taxa (N < 3).
2025-09-22 15:37:44,679 - phyluce_align_seqcap_align - WARNING - DROPPED locus uce-2782. Too few taxa (N < 3).
2025-09-22 15:37:44,679 - phyluce_align_seqcap_align - WARNING - DROPPED locus uce-465. Too few taxa (N < 3).
2025-09-22 15:37:44,679 - phyluce_align_seqcap_align - WARNING - DROPPED locus uce-2684. Too few taxa (N < 3).
2025-09-22 15:37:44,679 - phyluce_align_seqcap_align - WARNING - DROPPED locus uce-319. Too few taxa (N < 3).
2025-09-22 15:37:44,679 - phyluce_align_seqcap_align - WARNING - DROPPED locus uce-2890. Too few taxa (N < 3).
2025-09-22 15:37:44,679 - phyluce_align_seqcap_align - WARNING - DROPPED locus uce-1371. Too few taxa (N < 3).
2025-09-22 15:37:44,679 - phyluce_align_seqcap_align - WARNING - DROPPED locus uce-79. Too few taxa (N < 3).
2025-09-22 15:37:44,679 - phyluce_align_seqcap_align - WARNING - DROPPED locus uce-1232. Too few taxa (N < 3).
2025-09-22 15:37:44,679 - phyluce_align_seqcap_align - WARNING - DROPPED locus uce-321. Too few taxa (N < 3).
2025-09-22 15:37:44,679 - phyluce_align_seqcap_align - WARNING - DROPPED locus uce-706. Too few taxa (N < 3).
2025-09-22 15:37:44,679 - phyluce_align_seqcap_align - WARNING - DROPPED locus uce-1630. Too few taxa (N < 3).
2025-09-22 15:37:44,679 - phyluce_align_seqcap_align - WARNING - DROPPED locus uce-1931. Too few taxa (N < 3).
2025-09-22 15:37:44,679 - phyluce_align_seqcap_align - WARNING - DROPPED locus uce-925. Too few taxa (N < 3).
2025-09-22 15:37:44,680 - phyluce_align_seqcap_align - WARNING - DROPPED locus uce-768. Too few taxa (N < 3).
2025-09-22 15:37:44,680 - phyluce_align_seqcap_align - WARNING - DROPPED locus uce-1820. Too few taxa (N < 3).
2025-09-22 15:37:44,680 - phyluce_align_seqcap_align - WARNING - DROPPED locus uce-3441. Too few taxa (N < 3).
2025-09-22 15:37:44,680 - phyluce_align_seqcap_align - WARNING - DROPPED locus uce-1317. Too few taxa (N < 3).
2025-09-22 15:37:44,680 - phyluce_align_seqcap_align - WARNING - DROPPED locus uce-1243. Too few taxa (N < 3).
2025-09-22 15:37:44,680 - phyluce_align_seqcap_align - WARNING - DROPPED locus uce-1474. Too few taxa (N < 3).
2025-09-22 15:37:44,680 - phyluce_align_seqcap_align - WARNING - DROPPED locus uce-1107. Too few taxa (N < 3).
2025-09-22 15:37:44,680 - phyluce_align_seqcap_align - WARNING - DROPPED locus uce-802. Too few taxa (N < 3).
2025-09-22 15:37:44,680 - phyluce_align_seqcap_align - WARNING - DROPPED locus uce-2300. Too few taxa (N < 3).
2025-09-22 15:37:44,680 - phyluce_align_seqcap_align - WARNING - DROPPED locus uce-3508. Too few taxa (N < 3).
2025-09-22 15:37:44,680 - phyluce_align_seqcap_align - WARNING - DROPPED locus uce-1660. Too few taxa (N < 3).
2025-09-22 15:37:44,680 - phyluce_align_seqcap_align - WARNING - DROPPED locus uce-687. Too few taxa (N < 3).
2025-09-22 15:37:44,680 - phyluce_align_seqcap_align - WARNING - DROPPED locus uce-1384. Too few taxa (N < 3).
2025-09-22 15:37:44,680 - phyluce_align_seqcap_align - WARNING - DROPPED locus uce-2091. Too few taxa (N < 3).
2025-09-22 15:37:44,680 - phyluce_align_seqcap_align - WARNING - DROPPED locus uce-263. Too few taxa (N < 3).
2025-09-22 15:37:44,680 - phyluce_align_seqcap_align - WARNING - DROPPED locus uce-2198. Too few taxa (N < 3).
2025-09-22 15:37:44,680 - phyluce_align_seqcap_align - WARNING - DROPPED locus uce-531. Too few taxa (N < 3).
2025-09-22 15:37:44,680 - phyluce_align_seqcap_align - WARNING - DROPPED locus uce-2537. Too few taxa (N < 3).
2025-09-22 15:37:44,680 - phyluce_align_seqcap_align - WARNING - DROPPED locus uce-2585. Too few taxa (N < 3).
2025-09-22 15:37:44,680 - phyluce_align_seqcap_align - WARNING - DROPPED locus uce-2353. Too few taxa (N < 3).
2025-09-22 15:37:44,680 - phyluce_align_seqcap_align - WARNING - DROPPED locus uce-3492. Too few taxa (N < 3).
2025-09-22 15:37:44,680 - phyluce_align_seqcap_align - WARNING - DROPPED locus uce-1009. Too few taxa (N < 3).
2025-09-22 15:37:44,680 - phyluce_align_seqcap_align - WARNING - DROPPED locus uce-2387. Too few taxa (N < 3).
2025-09-22 15:37:44,680 - phyluce_align_seqcap_align - WARNING - DROPPED locus uce-481. Too few taxa (N < 3).
2025-09-22 15:37:44,680 - phyluce_align_seqcap_align - WARNING - DROPPED locus uce-2175. Too few taxa (N < 3).
2025-09-22 15:37:44,680 - phyluce_align_seqcap_align - WARNING - DROPPED locus uce-1856. Too few taxa (N < 3).
2025-09-22 15:37:44,680 - phyluce_align_seqcap_align - WARNING - DROPPED locus uce-668. Too few taxa (N < 3).
2025-09-22 15:37:44,680 - phyluce_align_seqcap_align - WARNING - DROPPED locus uce-839. Too few taxa (N < 3).
2025-09-22 15:37:44,680 - phyluce_align_seqcap_align - WARNING - DROPPED locus uce-2482. Too few taxa (N < 3).
2025-09-22 15:37:44,680 - phyluce_align_seqcap_align - WARNING - DROPPED locus uce-1916. Too few taxa (N < 3).
2025-09-22 15:37:44,681 - phyluce_align_seqcap_align - WARNING - DROPPED locus uce-850. Too few taxa (N < 3).
2025-09-22 15:37:44,681 - phyluce_align_seqcap_align - WARNING - DROPPED locus uce-2311. Too few taxa (N < 3).
2025-09-22 15:37:44,681 - phyluce_align_seqcap_align - WARNING - DROPPED locus uce-3119. Too few taxa (N < 3).
2025-09-22 15:37:44,681 - phyluce_align_seqcap_align - WARNING - DROPPED locus uce-2009. Too few taxa (N < 3).
2025-09-22 15:37:44,681 - phyluce_align_seqcap_align - WARNING - DROPPED locus uce-3117. Too few taxa (N < 3).
2025-09-22 15:37:44,681 - phyluce_align_seqcap_align - WARNING - DROPPED locus uce-259. Too few taxa (N < 3).
2025-09-22 15:37:44,681 - phyluce_align_seqcap_align - WARNING - DROPPED locus uce-1879. Too few taxa (N < 3).
2025-09-22 15:37:44,681 - phyluce_align_seqcap_align - WARNING - DROPPED locus uce-378. Too few taxa (N < 3).
2025-09-22 15:37:44,681 - phyluce_align_seqcap_align - WARNING - DROPPED locus uce-718. Too few taxa (N < 3).
2025-09-22 15:37:44,681 - phyluce_align_seqcap_align - WARNING - DROPPED locus uce-42. Too few taxa (N < 3).
2025-09-22 15:37:44,681 - phyluce_align_seqcap_align - WARNING - DROPPED locus uce-745. Too few taxa (N < 3).
2025-09-22 15:37:44,681 - phyluce_align_seqcap_align - WARNING - DROPPED locus uce-743. Too few taxa (N < 3).
2025-09-22 15:37:44,681 - phyluce_align_seqcap_align - WARNING - DROPPED locus uce-611. Too few taxa (N < 3).
2025-09-22 15:37:44,681 - phyluce_align_seqcap_align - WARNING - DROPPED locus uce-595. Too few taxa (N < 3).
2025-09-22 15:37:44,681 - phyluce_align_seqcap_align - WARNING - DROPPED locus uce-2742. Too few taxa (N < 3).
2025-09-22 15:37:44,681 - phyluce_align_seqcap_align - WARNING - DROPPED locus uce-3359. Too few taxa (N < 3).
2025-09-22 15:37:44,681 - phyluce_align_seqcap_align - WARNING - DROPPED locus uce-193. Too few taxa (N < 3).
2025-09-22 15:37:44,681 - phyluce_align_seqcap_align - WARNING - DROPPED locus uce-971. Too few taxa (N < 3).
2025-09-22 15:37:44,681 - phyluce_align_seqcap_align - WARNING - DROPPED locus uce-2600. Too few taxa (N < 3).
2025-09-22 15:37:44,681 - phyluce_align_seqcap_align - WARNING - DROPPED locus uce-1522. Too few taxa (N < 3).
2025-09-22 15:37:44,681 - phyluce_align_seqcap_align - WARNING - DROPPED locus uce-2296. Too few taxa (N < 3).
2025-09-22 15:37:44,681 - phyluce_align_seqcap_align - WARNING - DROPPED locus uce-3378. Too few taxa (N < 3).
2025-09-22 15:37:44,681 - phyluce_align_seqcap_align - WARNING - DROPPED locus uce-3012. Too few taxa (N < 3).
2025-09-22 15:37:44,681 - phyluce_align_seqcap_align - WARNING - DROPPED locus uce-1895. Too few taxa (N < 3).
2025-09-22 15:37:44,681 - phyluce_align_seqcap_align - WARNING - DROPPED locus uce-2882. Too few taxa (N < 3).
2025-09-22 15:37:44,681 - phyluce_align_seqcap_align - WARNING - DROPPED locus uce-2227. Too few taxa (N < 3).
2025-09-22 15:37:44,681 - phyluce_align_seqcap_align - WARNING - DROPPED locus uce-2653. Too few taxa (N < 3).
2025-09-22 15:37:44,681 - phyluce_align_seqcap_align - WARNING - DROPPED locus uce-2927. Too few taxa (N < 3).
2025-09-22 15:37:44,681 - phyluce_align_seqcap_align - WARNING - DROPPED locus uce-2181. Too few taxa (N < 3).
2025-09-22 15:37:44,681 - phyluce_align_seqcap_align - WARNING - DROPPED locus uce-1405. Too few taxa (N < 3).
2025-09-22 15:37:44,682 - phyluce_align_seqcap_align - WARNING - DROPPED locus uce-414. Too few taxa (N < 3).
2025-09-22 15:37:44,682 - phyluce_align_seqcap_align - WARNING - DROPPED locus uce-3106. Too few taxa (N < 3).
2025-09-22 15:37:44,682 - phyluce_align_seqcap_align - WARNING - DROPPED locus uce-3157. Too few taxa (N < 3).
2025-09-22 15:37:44,682 - phyluce_align_seqcap_align - WARNING - DROPPED locus uce-2194. Too few taxa (N < 3).
2025-09-22 15:37:44,682 - phyluce_align_seqcap_align - WARNING - DROPPED locus uce-2003. Too few taxa (N < 3).
2025-09-22 15:37:44,682 - phyluce_align_seqcap_align - WARNING - DROPPED locus uce-234. Too few taxa (N < 3).
2025-09-22 15:37:44,682 - phyluce_align_seqcap_align - WARNING - DROPPED locus uce-43. Too few taxa (N < 3).
2025-09-22 15:37:44,682 - phyluce_align_seqcap_align - WARNING - DROPPED locus uce-3060. Too few taxa (N < 3).
2025-09-22 15:37:44,682 - phyluce_align_seqcap_align - WARNING - DROPPED locus uce-1377. Too few taxa (N < 3).
2025-09-22 15:37:44,682 - phyluce_align_seqcap_align - WARNING - DROPPED locus uce-3287. Too few taxa (N < 3).
2025-09-22 15:37:44,682 - phyluce_align_seqcap_align - WARNING - DROPPED locus uce-1237. Too few taxa (N < 3).
2025-09-22 15:37:44,682 - phyluce_align_seqcap_align - WARNING - DROPPED locus uce-836. Too few taxa (N < 3).
2025-09-22 15:37:44,682 - phyluce_align_seqcap_align - WARNING - DROPPED locus uce-1347. Too few taxa (N < 3).
2025-09-22 15:37:44,682 - phyluce_align_seqcap_align - WARNING - DROPPED locus uce-1920. Too few taxa (N < 3).
2025-09-22 15:37:44,682 - phyluce_align_seqcap_align - WARNING - DROPPED locus uce-1390. Too few taxa (N < 3).
2025-09-22 15:37:44,682 - phyluce_align_seqcap_align - WARNING - DROPPED locus uce-765. Too few taxa (N < 3).
2025-09-22 15:37:44,682 - phyluce_align_seqcap_align - WARNING - DROPPED locus uce-1432. Too few taxa (N < 3).
2025-09-22 15:37:44,682 - phyluce_align_seqcap_align - WARNING - DROPPED locus uce-3341. Too few taxa (N < 3).
2025-09-22 15:37:44,682 - phyluce_align_seqcap_align - WARNING - DROPPED locus uce-939. Too few taxa (N < 3).
2025-09-22 15:37:44,682 - phyluce_align_seqcap_align - WARNING - DROPPED locus uce-1738. Too few taxa (N < 3).
2025-09-22 15:37:44,682 - phyluce_align_seqcap_align - WARNING - DROPPED locus uce-1774. Too few taxa (N < 3).
2025-09-22 15:37:44,682 - phyluce_align_seqcap_align - WARNING - DROPPED locus uce-2812. Too few taxa (N < 3).
2025-09-22 15:37:44,682 - phyluce_align_seqcap_align - WARNING - DROPPED locus uce-3512. Too few taxa (N < 3).
2025-09-22 15:37:44,682 - phyluce_align_seqcap_align - WARNING - DROPPED locus uce-1617. Too few taxa (N < 3).
2025-09-22 15:37:44,682 - phyluce_align_seqcap_align - WARNING - DROPPED locus uce-2946. Too few taxa (N < 3).
2025-09-22 15:37:44,682 - phyluce_align_seqcap_align - WARNING - DROPPED locus uce-2870. Too few taxa (N < 3).
2025-09-22 15:37:44,682 - phyluce_align_seqcap_align - WARNING - DROPPED locus uce-123. Too few taxa (N < 3).
2025-09-22 15:37:44,682 - phyluce_align_seqcap_align - WARNING - DROPPED locus uce-1800. Too few taxa (N < 3).
2025-09-22 15:37:44,682 - phyluce_align_seqcap_align - WARNING - DROPPED locus uce-2049. Too few taxa (N < 3).
2025-09-22 15:37:44,682 - phyluce_align_seqcap_align - WARNING - DROPPED locus uce-1483. Too few taxa (N < 3).
2025-09-22 15:37:44,682 - phyluce_align_seqcap_align - WARNING - DROPPED locus uce-2948. Too few taxa (N < 3).
2025-09-22 15:37:44,683 - phyluce_align_seqcap_align - WARNING - DROPPED locus uce-3212. Too few taxa (N < 3).
2025-09-22 15:37:44,683 - phyluce_align_seqcap_align - WARNING - DROPPED locus uce-2960. Too few taxa (N < 3).
2025-09-22 15:37:44,683 - phyluce_align_seqcap_align - WARNING - DROPPED locus uce-1598. Too few taxa (N < 3).
2025-09-22 15:37:44,683 - phyluce_align_seqcap_align - WARNING - DROPPED locus uce-2159. Too few taxa (N < 3).
2025-09-22 15:37:44,683 - phyluce_align_seqcap_align - WARNING - DROPPED locus uce-2359. Too few taxa (N < 3).
2025-09-22 15:37:44,683 - phyluce_align_seqcap_align - WARNING - DROPPED locus uce-1775. Too few taxa (N < 3).
2025-09-22 15:37:44,683 - phyluce_align_seqcap_align - WARNING - DROPPED locus uce-16. Too few taxa (N < 3).
2025-09-22 15:37:44,683 - phyluce_align_seqcap_align - WARNING - DROPPED locus uce-1827. Too few taxa (N < 3).
2025-09-22 15:37:44,683 - phyluce_align_seqcap_align - WARNING - DROPPED locus uce-1433. Too few taxa (N < 3).
2025-09-22 15:37:44,683 - phyluce_align_seqcap_align - WARNING - DROPPED locus uce-388. Too few taxa (N < 3).
2025-09-22 15:37:44,683 - phyluce_align_seqcap_align - WARNING - DROPPED locus uce-2568. Too few taxa (N < 3).
2025-09-22 15:37:44,683 - phyluce_align_seqcap_align - WARNING - DROPPED locus uce-73. Too few taxa (N < 3).
2025-09-22 15:37:44,683 - phyluce_align_seqcap_align - WARNING - DROPPED locus uce-1933. Too few taxa (N < 3).
2025-09-22 15:37:44,683 - phyluce_align_seqcap_align - WARNING - DROPPED locus uce-416. Too few taxa (N < 3).
2025-09-22 15:37:44,683 - phyluce_align_seqcap_align - WARNING - DROPPED locus uce-847. Too few taxa (N < 3).
2025-09-22 15:37:44,683 - phyluce_align_seqcap_align - WARNING - DROPPED locus uce-6. Too few taxa (N < 3).
2025-09-22 15:37:44,683 - phyluce_align_seqcap_align - WARNING - DROPPED locus uce-956. Too few taxa (N < 3).
2025-09-22 15:37:44,683 - phyluce_align_seqcap_align - WARNING - DROPPED locus uce-1468. Too few taxa (N < 3).
2025-09-22 15:37:44,683 - phyluce_align_seqcap_align - WARNING - DROPPED locus uce-985. Too few taxa (N < 3).
2025-09-22 15:37:44,683 - phyluce_align_seqcap_align - WARNING - DROPPED locus uce-355. Too few taxa (N < 3).
2025-09-22 15:37:44,683 - phyluce_align_seqcap_align - WARNING - DROPPED locus uce-3051. Too few taxa (N < 3).
2025-09-22 15:37:44,683 - phyluce_align_seqcap_align - WARNING - DROPPED locus uce-2875. Too few taxa (N < 3).
2025-09-22 15:37:44,683 - phyluce_align_seqcap_align - WARNING - DROPPED locus uce-444. Too few taxa (N < 3).
2025-09-22 15:37:44,683 - phyluce_align_seqcap_align - WARNING - DROPPED locus uce-3008. Too few taxa (N < 3).
2025-09-22 15:37:44,683 - phyluce_align_seqcap_align - WARNING - DROPPED locus uce-793. Too few taxa (N < 3).
2025-09-22 15:37:44,683 - phyluce_align_seqcap_align - WARNING - DROPPED locus uce-3007. Too few taxa (N < 3).
2025-09-22 15:37:44,683 - phyluce_align_seqcap_align - WARNING - DROPPED locus uce-3391. Too few taxa (N < 3).
2025-09-22 15:37:44,683 - phyluce_align_seqcap_align - WARNING - DROPPED locus uce-1458. Too few taxa (N < 3).
2025-09-22 15:37:44,683 - phyluce_align_seqcap_align - WARNING - DROPPED locus uce-1928. Too few taxa (N < 3).
2025-09-22 15:37:44,683 - phyluce_align_seqcap_align - WARNING - DROPPED locus uce-3494. Too few taxa (N < 3).
2025-09-22 15:37:44,683 - phyluce_align_seqcap_align - WARNING - DROPPED locus uce-1543. Too few taxa (N < 3).
2025-09-22 15:37:44,683 - phyluce_align_seqcap_align - WARNING - DROPPED locus uce-29. Too few taxa (N < 3).
2025-09-22 15:37:44,684 - phyluce_align_seqcap_align - WARNING - DROPPED locus uce-2881. Too few taxa (N < 3).
2025-09-22 15:37:44,684 - phyluce_align_seqcap_align - WARNING - DROPPED locus uce-1120. Too few taxa (N < 3).
2025-09-22 15:37:44,684 - phyluce_align_seqcap_align - WARNING - DROPPED locus uce-986. Too few taxa (N < 3).
2025-09-22 15:37:44,684 - phyluce_align_seqcap_align - WARNING - DROPPED locus uce-26. Too few taxa (N < 3).
2025-09-22 15:37:44,684 - phyluce_align_seqcap_align - WARNING - DROPPED locus uce-3210. Too few taxa (N < 3).
2025-09-22 15:37:44,684 - phyluce_align_seqcap_align - WARNING - DROPPED locus uce-2643. Too few taxa (N < 3).
2025-09-22 15:37:44,684 - phyluce_align_seqcap_align - WARNING - DROPPED locus uce-2775. Too few taxa (N < 3).
2025-09-22 15:37:44,684 - phyluce_align_seqcap_align - WARNING - DROPPED locus uce-3379. Too few taxa (N < 3).
2025-09-22 15:37:44,684 - phyluce_align_seqcap_align - WARNING - DROPPED locus uce-577. Too few taxa (N < 3).
2025-09-22 15:37:44,684 - phyluce_align_seqcap_align - WARNING - DROPPED locus uce-2864. Too few taxa (N < 3).
2025-09-22 15:37:44,684 - phyluce_align_seqcap_align - WARNING - DROPPED locus uce-3350. Too few taxa (N < 3).
2025-09-22 15:37:44,684 - phyluce_align_seqcap_align - WARNING - DROPPED locus uce-64. Too few taxa (N < 3).
2025-09-22 15:37:44,684 - phyluce_align_seqcap_align - WARNING - DROPPED locus uce-834. Too few taxa (N < 3).
2025-09-22 15:37:44,684 - phyluce_align_seqcap_align - WARNING - DROPPED locus uce-225. Too few taxa (N < 3).
2025-09-22 15:37:44,684 - phyluce_align_seqcap_align - WARNING - DROPPED locus uce-862. Too few taxa (N < 3).
2025-09-22 15:37:44,684 - phyluce_align_seqcap_align - WARNING - DROPPED locus uce-2657. Too few taxa (N < 3).
2025-09-22 15:37:44,684 - phyluce_align_seqcap_align - WARNING - DROPPED locus uce-1730. Too few taxa (N < 3).
2025-09-22 15:37:44,684 - phyluce_align_seqcap_align - WARNING - DROPPED locus uce-2849. Too few taxa (N < 3).
2025-09-22 15:37:44,684 - phyluce_align_seqcap_align - WARNING - DROPPED locus uce-1888. Too few taxa (N < 3).
2025-09-22 15:37:44,684 - phyluce_align_seqcap_align - WARNING - DROPPED locus uce-2832. Too few taxa (N < 3).
2025-09-22 15:37:44,684 - phyluce_align_seqcap_align - WARNING - DROPPED locus uce-1700. Too few taxa (N < 3).
2025-09-22 15:37:44,684 - phyluce_align_seqcap_align - WARNING - DROPPED locus uce-3312. Too few taxa (N < 3).
2025-09-22 15:37:44,684 - phyluce_align_seqcap_align - WARNING - DROPPED locus uce-2789. Too few taxa (N < 3).
2025-09-22 15:37:44,684 - phyluce_align_seqcap_align - WARNING - DROPPED locus uce-700. Too few taxa (N < 3).
2025-09-22 15:37:44,684 - phyluce_align_seqcap_align - WARNING - DROPPED locus uce-1537. Too few taxa (N < 3).
2025-09-22 15:37:44,684 - phyluce_align_seqcap_align - WARNING - DROPPED locus uce-3190. Too few taxa (N < 3).
2025-09-22 15:37:44,684 - phyluce_align_seqcap_align - WARNING - DROPPED locus uce-750. Too few taxa (N < 3).
2025-09-22 15:37:44,684 - phyluce_align_seqcap_align - WARNING - DROPPED locus uce-189. Too few taxa (N < 3).
2025-09-22 15:37:44,684 - phyluce_align_seqcap_align - WARNING - DROPPED locus uce-137. Too few taxa (N < 3).
2025-09-22 15:37:44,684 - phyluce_align_seqcap_align - WARNING - DROPPED locus uce-854. Too few taxa (N < 3).
2025-09-22 15:37:44,684 - phyluce_align_seqcap_align - WARNING - DROPPED locus uce-28. Too few taxa (N < 3).
2025-09-22 15:37:44,684 - phyluce_align_seqcap_align - WARNING - DROPPED locus uce-347. Too few taxa (N < 3).
2025-09-22 15:37:44,685 - phyluce_align_seqcap_align - WARNING - DROPPED locus uce-669. Too few taxa (N < 3).
2025-09-22 15:37:44,685 - phyluce_align_seqcap_align - WARNING - DROPPED locus uce-107. Too few taxa (N < 3).
2025-09-22 15:37:44,685 - phyluce_align_seqcap_align - WARNING - DROPPED locus uce-758. Too few taxa (N < 3).
2025-09-22 15:37:44,685 - phyluce_align_seqcap_align - WARNING - DROPPED locus uce-1544. Too few taxa (N < 3).
2025-09-22 15:37:44,685 - phyluce_align_seqcap_align - WARNING - DROPPED locus uce-3369. Too few taxa (N < 3).
2025-09-22 15:37:44,685 - phyluce_align_seqcap_align - WARNING - DROPPED locus uce-1756. Too few taxa (N < 3).
2025-09-22 15:37:44,685 - phyluce_align_seqcap_align - WARNING - DROPPED locus uce-1199. Too few taxa (N < 3).
2025-09-22 15:37:44,685 - phyluce_align_seqcap_align - WARNING - DROPPED locus uce-1712. Too few taxa (N < 3).
2025-09-22 15:37:44,685 - phyluce_align_seqcap_align - WARNING - DROPPED locus uce-658. Too few taxa (N < 3).
2025-09-22 15:37:44,685 - phyluce_align_seqcap_align - WARNING - DROPPED locus uce-1046. Too few taxa (N < 3).
2025-09-22 15:37:44,685 - phyluce_align_seqcap_align - WARNING - DROPPED locus uce-807. Too few taxa (N < 3).
2025-09-22 15:37:44,685 - phyluce_align_seqcap_align - WARNING - DROPPED locus uce-2218. Too few taxa (N < 3).
2025-09-22 15:37:44,685 - phyluce_align_seqcap_align - WARNING - DROPPED locus uce-3120. Too few taxa (N < 3).
2025-09-22 15:37:44,685 - phyluce_align_seqcap_align - WARNING - DROPPED locus uce-526. Too few taxa (N < 3).
2025-09-22 15:37:44,685 - phyluce_align_seqcap_align - WARNING - DROPPED locus uce-1776. Too few taxa (N < 3).
2025-09-22 15:37:44,685 - phyluce_align_seqcap_align - WARNING - DROPPED locus uce-2197. Too few taxa (N < 3).
2025-09-22 15:37:44,685 - phyluce_align_seqcap_align - WARNING - DROPPED locus uce-3104. Too few taxa (N < 3).
2025-09-22 15:37:44,685 - phyluce_align_seqcap_align - WARNING - DROPPED locus uce-167. Too few taxa (N < 3).
2025-09-22 15:37:44,685 - phyluce_align_seqcap_align - WARNING - DROPPED locus uce-2016. Too few taxa (N < 3).
2025-09-22 15:37:44,685 - phyluce_align_seqcap_align - WARNING - DROPPED locus uce-2385. Too few taxa (N < 3).
2025-09-22 15:37:44,685 - phyluce_align_seqcap_align - WARNING - DROPPED locus uce-46. Too few taxa (N < 3).
2025-09-22 15:37:44,685 - phyluce_align_seqcap_align - WARNING - DROPPED locus uce-1427. Too few taxa (N < 3).
2025-09-22 15:37:44,685 - phyluce_align_seqcap_align - WARNING - DROPPED locus uce-351. Too few taxa (N < 3).
2025-09-22 15:37:44,685 - phyluce_align_seqcap_align - WARNING - DROPPED locus uce-2190. Too few taxa (N < 3).
2025-09-22 15:37:44,685 - phyluce_align_seqcap_align - WARNING - DROPPED locus uce-1019. Too few taxa (N < 3).
2025-09-22 15:37:44,685 - phyluce_align_seqcap_align - WARNING - DROPPED locus uce-3048. Too few taxa (N < 3).
2025-09-22 15:37:44,685 - phyluce_align_seqcap_align - WARNING - DROPPED locus uce-1755. Too few taxa (N < 3).
2025-09-22 15:37:44,685 - phyluce_align_seqcap_align - WARNING - DROPPED locus uce-1395. Too few taxa (N < 3).
2025-09-22 15:37:44,685 - phyluce_align_seqcap_align - WARNING - DROPPED locus uce-2930. Too few taxa (N < 3).
2025-09-22 15:37:44,685 - phyluce_align_seqcap_align - WARNING - DROPPED locus uce-2555. Too few taxa (N < 3).
2025-09-22 15:37:44,685 - phyluce_align_seqcap_align - WARNING - DROPPED locus uce-159. Too few taxa (N < 3).
2025-09-22 15:37:44,686 - phyluce_align_seqcap_align - WARNING - DROPPED locus uce-1101. Too few taxa (N < 3).
2025-09-22 15:37:44,686 - phyluce_align_seqcap_align - WARNING - DROPPED locus uce-2642. Too few taxa (N < 3).
2025-09-22 15:37:44,686 - phyluce_align_seqcap_align - WARNING - DROPPED locus uce-811. Too few taxa (N < 3).
2025-09-22 15:37:44,686 - phyluce_align_seqcap_align - WARNING - DROPPED locus uce-2813. Too few taxa (N < 3).
2025-09-22 15:37:44,686 - phyluce_align_seqcap_align - WARNING - DROPPED locus uce-830. Too few taxa (N < 3).
2025-09-22 15:37:44,686 - phyluce_align_seqcap_align - WARNING - DROPPED locus uce-350. Too few taxa (N < 3).
2025-09-22 15:37:44,691 - phyluce_align_seqcap_align - INFO - Aligning with MAFFT
2025-09-22 15:37:44,692 - phyluce_align_seqcap_align - INFO - Alignment begins. 'X' indicates dropped alignments (these are reported after alignment)
2025-09-22 15:38:21,724 - phyluce_align_seqcap_align - INFO - Alignment ends
2025-09-22 15:38:21,724 - phyluce_align_seqcap_align - INFO - Writing output files
2025-09-22 15:38:21,845 - phyluce_align_seqcap_align - INFO - ============== Completed phyluce_align_seqcap_align =============
