2025-08-28 14:31:24,813 - phyluce_align_concatenate_alignments - INFO - ========= Starting phyluce_align_concatenate_alignments =========
2025-08-28 14:31:24,814 - phyluce_align_concatenate_alignments - INFO - Version: 1.7.3
2025-08-28 14:31:24,814 - phyluce_align_concatenate_alignments - INFO - Commit: None
2025-08-28 14:31:24,814 - phyluce_align_concatenate_alignments - INFO - Argument --alignments: /home/shared/8TB_HDD_02/mewing0/bivalve_gametogenesis/data/phyluce/taxon-set1/mafft-nexus-internal-trimmed-gblocks-clean-50p_v2
2025-08-28 14:31:24,814 - phyluce_align_concatenate_alignments - INFO - Argument --input_format: nexus
2025-08-28 14:31:24,814 - phyluce_align_concatenate_alignments - INFO - Argument --log_path: /home/shared/8TB_HDD_02/mewing0/bivalve_gametogenesis/data/phyluce/taxon-set1/log-inc_v2
2025-08-28 14:31:24,814 - phyluce_align_concatenate_alignments - INFO - Argument --nexus: False
2025-08-28 14:31:24,814 - phyluce_align_concatenate_alignments - INFO - Argument --output: /home/shared/8TB_HDD_02/mewing0/bivalve_gametogenesis/data/phyluce/taxon-set1/mafft-nexus-internal-trimmed-gblocks-clean-50p_v2-raxml
2025-08-28 14:31:24,814 - phyluce_align_concatenate_alignments - INFO - Argument --phylip: True
2025-08-28 14:31:24,814 - phyluce_align_concatenate_alignments - INFO - Argument --verbosity: INFO
2025-08-28 14:31:24,814 - phyluce_align_concatenate_alignments - INFO - Reading input alignments in NEXUS format
2025-08-28 14:31:24,814 - phyluce_align_concatenate_alignments - INFO - Getting alignment files
2025-08-28 14:31:26,696 - phyluce_align_concatenate_alignments - INFO - Concatenating files
2025-08-28 14:31:26,959 - phyluce_align_concatenate_alignments - INFO - Writing concatenated alignment to PHYLIP format (with charsets)
2025-08-28 14:31:26,962 - phyluce_align_concatenate_alignments - INFO - ========= Completed phyluce_align_concatenate_alignments ========
2025-08-28 14:31:34,629 - phyluce_align_concatenate_alignments - INFO - ========= Starting phyluce_align_concatenate_alignments =========
2025-08-28 14:31:34,629 - phyluce_align_concatenate_alignments - INFO - Version: 1.7.3
2025-08-28 14:31:34,629 - phyluce_align_concatenate_alignments - INFO - Commit: None
2025-08-28 14:31:34,629 - phyluce_align_concatenate_alignments - INFO - Argument --alignments: /home/shared/8TB_HDD_02/mewing0/bivalve_gametogenesis/data/phyluce/taxon-set1/mafft-nexus-internal-trimmed-gblocks-clean-75p_v2
2025-08-28 14:31:34,629 - phyluce_align_concatenate_alignments - INFO - Argument --input_format: nexus
2025-08-28 14:31:34,629 - phyluce_align_concatenate_alignments - INFO - Argument --log_path: /home/shared/8TB_HDD_02/mewing0/bivalve_gametogenesis/data/phyluce/taxon-set1/log-inc_v2
2025-08-28 14:31:34,629 - phyluce_align_concatenate_alignments - INFO - Argument --nexus: False
2025-08-28 14:31:34,629 - phyluce_align_concatenate_alignments - INFO - Argument --output: /home/shared/8TB_HDD_02/mewing0/bivalve_gametogenesis/data/phyluce/taxon-set1/mafft-nexus-internal-trimmed-gblocks-clean-75p_v2-raxml
2025-08-28 14:31:34,629 - phyluce_align_concatenate_alignments - INFO - Argument --phylip: True
2025-08-28 14:31:34,629 - phyluce_align_concatenate_alignments - INFO - Argument --verbosity: INFO
2025-08-28 14:31:34,629 - phyluce_align_concatenate_alignments - INFO - Reading input alignments in NEXUS format
2025-08-28 14:31:34,629 - phyluce_align_concatenate_alignments - INFO - Getting alignment files
2025-08-28 14:31:35,502 - phyluce_align_concatenate_alignments - INFO - Concatenating files
2025-08-28 14:31:35,570 - phyluce_align_concatenate_alignments - INFO - Writing concatenated alignment to PHYLIP format (with charsets)
2025-08-28 14:31:35,571 - phyluce_align_concatenate_alignments - INFO - ========= Completed phyluce_align_concatenate_alignments ========
2025-08-28 14:31:42,632 - phyluce_align_concatenate_alignments - INFO - ========= Starting phyluce_align_concatenate_alignments =========
2025-08-28 14:31:42,632 - phyluce_align_concatenate_alignments - INFO - Version: 1.7.3
2025-08-28 14:31:42,633 - phyluce_align_concatenate_alignments - INFO - Commit: None
2025-08-28 14:31:42,633 - phyluce_align_concatenate_alignments - INFO - Argument --alignments: /home/shared/8TB_HDD_02/mewing0/bivalve_gametogenesis/data/phyluce/taxon-set1/mafft-nexus-internal-trimmed-gblocks-clean-95p_v2
2025-08-28 14:31:42,633 - phyluce_align_concatenate_alignments - INFO - Argument --input_format: nexus
2025-08-28 14:31:42,633 - phyluce_align_concatenate_alignments - INFO - Argument --log_path: /home/shared/8TB_HDD_02/mewing0/bivalve_gametogenesis/data/phyluce/taxon-set1/log-inc_v2
2025-08-28 14:31:42,633 - phyluce_align_concatenate_alignments - INFO - Argument --nexus: False
2025-08-28 14:31:42,633 - phyluce_align_concatenate_alignments - INFO - Argument --output: /home/shared/8TB_HDD_02/mewing0/bivalve_gametogenesis/data/phyluce/taxon-set1/mafft-nexus-internal-trimmed-gblocks-clean-95p_v2-raxml
2025-08-28 14:31:42,633 - phyluce_align_concatenate_alignments - INFO - Argument --phylip: True
2025-08-28 14:31:42,633 - phyluce_align_concatenate_alignments - INFO - Argument --verbosity: INFO
2025-08-28 14:31:42,633 - phyluce_align_concatenate_alignments - INFO - Reading input alignments in NEXUS format
2025-08-28 14:31:42,633 - phyluce_align_concatenate_alignments - INFO - Getting alignment files
2025-08-28 14:31:42,719 - phyluce_align_concatenate_alignments - INFO - Concatenating files
2025-08-28 14:31:42,725 - phyluce_align_concatenate_alignments - INFO - Writing concatenated alignment to PHYLIP format (with charsets)
2025-08-28 14:31:42,725 - phyluce_align_concatenate_alignments - INFO - ========= Completed phyluce_align_concatenate_alignments ========
