2025-09-22 15:04:58,674 - phyluce_probe_slice_sequence_from_genomes - INFO - ======= Starting phyluce_probe_slice_sequence_from_genomes ======
2025-09-22 15:04:58,674 - phyluce_probe_slice_sequence_from_genomes - INFO - Version: 1.7.3
2025-09-22 15:04:58,674 - phyluce_probe_slice_sequence_from_genomes - INFO - Commit: None
2025-09-22 15:04:58,674 - phyluce_probe_slice_sequence_from_genomes - INFO - Argument --conf: /home/shared/8TB_HDD_02/mewing0/bivalve_gametogenesis/data/phyluce/genomes.conf
2025-09-22 15:04:58,674 - phyluce_probe_slice_sequence_from_genomes - INFO - Argument --contig_orient: False
2025-09-22 15:04:58,674 - phyluce_probe_slice_sequence_from_genomes - INFO - Argument --exclude: None
2025-09-22 15:04:58,674 - phyluce_probe_slice_sequence_from_genomes - INFO - Argument --flank: 500
2025-09-22 15:04:58,674 - phyluce_probe_slice_sequence_from_genomes - INFO - Argument --lastz: /home/shared/8TB_HDD_02/mewing0/bivalve_gametogenesis/data/phyluce/v1-genome-lastz
2025-09-22 15:04:58,674 - phyluce_probe_slice_sequence_from_genomes - INFO - Argument --log_path: None
2025-09-22 15:04:58,674 - phyluce_probe_slice_sequence_from_genomes - INFO - Argument --output: /home/shared/8TB_HDD_02/mewing0/bivalve_gametogenesis/data/phyluce/v1-genome-fasta
2025-09-22 15:04:58,674 - phyluce_probe_slice_sequence_from_genomes - INFO - Argument --pattern: Baits_Bivalve_v1.fasta_v_{}.lastz.clean
2025-09-22 15:04:58,674 - phyluce_probe_slice_sequence_from_genomes - INFO - Argument --probe_prefix: uce-
2025-09-22 15:04:58,674 - phyluce_probe_slice_sequence_from_genomes - INFO - Argument --probe_regex: ^({}\d+)(?:_p\d+.*)
2025-09-22 15:04:58,674 - phyluce_probe_slice_sequence_from_genomes - INFO - Argument --probes: None
2025-09-22 15:04:58,674 - phyluce_probe_slice_sequence_from_genomes - INFO - Argument --verbosity: INFO
2025-09-22 15:04:58,674 - phyluce_probe_slice_sequence_from_genomes - INFO - =================== Starting Phyluce: Slice Sequence ===================
2025-09-22 15:04:58,675 - phyluce_probe_slice_sequence_from_genomes - INFO - ---------------- Working on GCF_000327385 genome ----------------
2025-09-22 15:04:58,675 - phyluce_probe_slice_sequence_from_genomes - INFO - Reading GCF_000327385 genome
2025-09-22 15:04:59,976 - phyluce_probe_slice_sequence_from_genomes - INFO - GCF_000327385: 285 uces, 4 dupes, 281 non-dupes, 0 orient drop, 0 length drop, 281 written
2025-09-22 15:04:59,976 - phyluce_probe_slice_sequence_from_genomes - INFO - ---------------- Working on GCF_002022765 genome ----------------
2025-09-22 15:04:59,976 - phyluce_probe_slice_sequence_from_genomes - INFO - Reading GCF_002022765 genome
2025-09-22 15:05:02,162 - phyluce_probe_slice_sequence_from_genomes - INFO - GCF_002022765: 905 uces, 349 dupes, 556 non-dupes, 0 orient drop, 0 length drop, 556 written
2025-09-22 15:05:02,162 - phyluce_probe_slice_sequence_from_genomes - INFO - ---------------- Working on GCF_002113885 genome ----------------
2025-09-22 15:05:02,162 - phyluce_probe_slice_sequence_from_genomes - INFO - Reading GCF_002113885 genome
2025-09-22 15:05:04,710 - phyluce_probe_slice_sequence_from_genomes - INFO - GCF_002113885: 1146 uces, 555 dupes, 591 non-dupes, 0 orient drop, 0 length drop, 591 written
2025-09-22 15:05:04,711 - phyluce_probe_slice_sequence_from_genomes - INFO - ---------------- Working on GCF_020536995 genome ----------------
2025-09-22 15:05:04,711 - phyluce_probe_slice_sequence_from_genomes - INFO - Reading GCF_020536995 genome
2025-09-22 15:05:06,551 - phyluce_probe_slice_sequence_from_genomes - INFO - GCF_020536995: 645 uces, 355 dupes, 290 non-dupes, 0 orient drop, 0 length drop, 290 written
2025-09-22 15:05:06,552 - phyluce_probe_slice_sequence_from_genomes - INFO - ---------------- Working on GCF_021730395 genome ----------------
2025-09-22 15:05:06,552 - phyluce_probe_slice_sequence_from_genomes - INFO - Reading GCF_021730395 genome
2025-09-22 15:05:10,205 - phyluce_probe_slice_sequence_from_genomes - INFO - GCF_021730395: 1103 uces, 561 dupes, 542 non-dupes, 0 orient drop, 0 length drop, 542 written
2025-09-22 15:05:10,205 - phyluce_probe_slice_sequence_from_genomes - INFO - ---------------- Working on GCF_021869535 genome ----------------
2025-09-22 15:05:10,205 - phyluce_probe_slice_sequence_from_genomes - INFO - Reading GCF_021869535 genome
2025-09-22 15:05:12,802 - phyluce_probe_slice_sequence_from_genomes - INFO - GCF_021869535: 1019 uces, 564 dupes, 455 non-dupes, 0 orient drop, 0 length drop, 455 written
2025-09-22 15:05:12,802 - phyluce_probe_slice_sequence_from_genomes - INFO - ---------------- Working on GCF_025612915 genome ----------------
2025-09-22 15:05:12,802 - phyluce_probe_slice_sequence_from_genomes - INFO - Reading GCF_025612915 genome
2025-09-22 15:05:15,777 - phyluce_probe_slice_sequence_from_genomes - INFO - GCF_025612915: 986 uces, 535 dupes, 451 non-dupes, 0 orient drop, 0 length drop, 451 written
2025-09-22 15:05:15,777 - phyluce_probe_slice_sequence_from_genomes - INFO - ---------------- Working on GCF_026571515 genome ----------------
2025-09-22 15:05:15,777 - phyluce_probe_slice_sequence_from_genomes - INFO - Reading GCF_026571515 genome
2025-09-22 15:05:18,543 - phyluce_probe_slice_sequence_from_genomes - INFO - GCF_026571515: 1095 uces, 490 dupes, 605 non-dupes, 0 orient drop, 0 length drop, 605 written
2025-09-22 15:05:18,543 - phyluce_probe_slice_sequence_from_genomes - INFO - ---------------- Working on GCF_026914265 genome ----------------
2025-09-22 15:05:18,544 - phyluce_probe_slice_sequence_from_genomes - INFO - Reading GCF_026914265 genome
2025-09-22 15:05:20,709 - phyluce_probe_slice_sequence_from_genomes - INFO - GCF_026914265: 679 uces, 401 dupes, 278 non-dupes, 0 orient drop, 0 length drop, 278 written
2025-09-22 15:05:20,710 - phyluce_probe_slice_sequence_from_genomes - INFO - ---------------- Working on GCF_031769215 genome ----------------
2025-09-22 15:05:20,710 - phyluce_probe_slice_sequence_from_genomes - INFO - Reading GCF_031769215 genome
2025-09-22 15:05:22,012 - phyluce_probe_slice_sequence_from_genomes - INFO - GCF_031769215: 1124 uces, 166 dupes, 958 non-dupes, 0 orient drop, 0 length drop, 958 written
2025-09-22 15:05:22,012 - phyluce_probe_slice_sequence_from_genomes - INFO - ---------------- Working on GCF_032062105 genome ----------------
2025-09-22 15:05:22,012 - phyluce_probe_slice_sequence_from_genomes - INFO - Reading GCF_032062105 genome
2025-09-22 15:05:24,018 - phyluce_probe_slice_sequence_from_genomes - INFO - GCF_032062105: 868 uces, 390 dupes, 478 non-dupes, 0 orient drop, 0 length drop, 478 written
2025-09-22 15:05:24,018 - phyluce_probe_slice_sequence_from_genomes - INFO - ---------------- Working on GCF_033153115 genome ----------------
2025-09-22 15:05:24,019 - phyluce_probe_slice_sequence_from_genomes - INFO - Reading GCF_033153115 genome
2025-09-22 15:05:25,770 - phyluce_probe_slice_sequence_from_genomes - INFO - GCF_033153115: 877 uces, 387 dupes, 490 non-dupes, 0 orient drop, 0 length drop, 490 written
2025-09-22 15:05:25,770 - phyluce_probe_slice_sequence_from_genomes - INFO - ---------------- Working on GCF_036588685 genome ----------------
2025-09-22 15:05:25,770 - phyluce_probe_slice_sequence_from_genomes - INFO - Reading GCF_036588685 genome
2025-09-22 15:05:28,470 - phyluce_probe_slice_sequence_from_genomes - INFO - GCF_036588685: 1010 uces, 587 dupes, 423 non-dupes, 0 orient drop, 0 length drop, 423 written
2025-09-22 15:05:28,470 - phyluce_probe_slice_sequence_from_genomes - INFO - ---------------- Working on GCF_041381155 genome ----------------
2025-09-22 15:05:28,470 - phyluce_probe_slice_sequence_from_genomes - INFO - Reading GCF_041381155 genome
2025-09-22 15:05:30,782 - phyluce_probe_slice_sequence_from_genomes - INFO - GCF_041381155: 1066 uces, 462 dupes, 604 non-dupes, 0 orient drop, 1 length drop, 603 written
2025-09-22 15:05:30,782 - phyluce_probe_slice_sequence_from_genomes - INFO - ---------------- Working on GCF_902652985 genome ----------------
2025-09-22 15:05:30,782 - phyluce_probe_slice_sequence_from_genomes - INFO - Reading GCF_902652985 genome
2025-09-22 15:05:32,751 - phyluce_probe_slice_sequence_from_genomes - INFO - GCF_902652985: 1117 uces, 431 dupes, 686 non-dupes, 0 orient drop, 0 length drop, 686 written
2025-09-22 15:05:32,751 - phyluce_probe_slice_sequence_from_genomes - INFO - ---------------- Working on GCF_947568905 genome ----------------
2025-09-22 15:05:32,751 - phyluce_probe_slice_sequence_from_genomes - INFO - Reading GCF_947568905 genome
2025-09-22 15:05:35,849 - phyluce_probe_slice_sequence_from_genomes - INFO - GCF_947568905: 880 uces, 521 dupes, 359 non-dupes, 0 orient drop, 0 length drop, 359 written
2025-09-22 15:05:35,849 - phyluce_probe_slice_sequence_from_genomes - INFO - ---------------- Working on GCF_963676685 genome ----------------
2025-09-22 15:05:35,850 - phyluce_probe_slice_sequence_from_genomes - INFO - Reading GCF_963676685 genome
2025-09-22 15:05:39,679 - phyluce_probe_slice_sequence_from_genomes - INFO - GCF_963676685: 1037 uces, 626 dupes, 411 non-dupes, 0 orient drop, 0 length drop, 411 written
2025-09-22 15:05:39,679 - phyluce_probe_slice_sequence_from_genomes - INFO - ---------------- Working on GCF_963853765 genome ----------------
2025-09-22 15:05:39,679 - phyluce_probe_slice_sequence_from_genomes - INFO - Reading GCF_963853765 genome
2025-09-22 15:05:42,963 - phyluce_probe_slice_sequence_from_genomes - INFO - GCF_963853765: 954 uces, 576 dupes, 378 non-dupes, 0 orient drop, 0 length drop, 378 written
2025-09-22 15:05:42,963 - phyluce_probe_slice_sequence_from_genomes - INFO - ====== Completed phyluce_probe_slice_sequence_from_genomes ======
2025-09-22 15:06:07,597 - phyluce_probe_slice_sequence_from_genomes - INFO - ======= Starting phyluce_probe_slice_sequence_from_genomes ======
2025-09-22 15:06:07,597 - phyluce_probe_slice_sequence_from_genomes - INFO - Version: 1.7.3
2025-09-22 15:06:07,597 - phyluce_probe_slice_sequence_from_genomes - INFO - Commit: None
2025-09-22 15:06:07,597 - phyluce_probe_slice_sequence_from_genomes - INFO - Argument --conf: /home/shared/8TB_HDD_02/mewing0/bivalve_gametogenesis/data/phyluce/genomes.conf
2025-09-22 15:06:07,597 - phyluce_probe_slice_sequence_from_genomes - INFO - Argument --contig_orient: False
2025-09-22 15:06:07,597 - phyluce_probe_slice_sequence_from_genomes - INFO - Argument --exclude: None
2025-09-22 15:06:07,597 - phyluce_probe_slice_sequence_from_genomes - INFO - Argument --flank: 500
2025-09-22 15:06:07,597 - phyluce_probe_slice_sequence_from_genomes - INFO - Argument --lastz: /home/shared/8TB_HDD_02/mewing0/bivalve_gametogenesis/data/phyluce/v2-genome-lastz
2025-09-22 15:06:07,598 - phyluce_probe_slice_sequence_from_genomes - INFO - Argument --log_path: None
2025-09-22 15:06:07,598 - phyluce_probe_slice_sequence_from_genomes - INFO - Argument --output: /home/shared/8TB_HDD_02/mewing0/bivalve_gametogenesis/data/phyluce/v2-genome-fasta
2025-09-22 15:06:07,598 - phyluce_probe_slice_sequence_from_genomes - INFO - Argument --pattern: Baits_Bivalve_v2.fasta_v_{}.lastz.clean
2025-09-22 15:06:07,598 - phyluce_probe_slice_sequence_from_genomes - INFO - Argument --probe_prefix: uce-
2025-09-22 15:06:07,598 - phyluce_probe_slice_sequence_from_genomes - INFO - Argument --probe_regex: ^({}\d+)(?:_p\d+.*)
2025-09-22 15:06:07,598 - phyluce_probe_slice_sequence_from_genomes - INFO - Argument --probes: None
2025-09-22 15:06:07,598 - phyluce_probe_slice_sequence_from_genomes - INFO - Argument --verbosity: INFO
2025-09-22 15:06:07,598 - phyluce_probe_slice_sequence_from_genomes - INFO - =================== Starting Phyluce: Slice Sequence ===================
2025-09-22 15:06:07,598 - phyluce_probe_slice_sequence_from_genomes - INFO - ---------------- Working on GCF_000327385 genome ----------------
2025-09-22 15:06:07,598 - phyluce_probe_slice_sequence_from_genomes - INFO - Reading GCF_000327385 genome
2025-09-22 15:06:08,437 - phyluce_probe_slice_sequence_from_genomes - INFO - GCF_000327385: 458 uces, 7 dupes, 451 non-dupes, 0 orient drop, 0 length drop, 451 written
2025-09-22 15:06:08,437 - phyluce_probe_slice_sequence_from_genomes - INFO - ---------------- Working on GCF_002022765 genome ----------------
2025-09-22 15:06:08,437 - phyluce_probe_slice_sequence_from_genomes - INFO - Reading GCF_002022765 genome
2025-09-22 15:06:10,457 - phyluce_probe_slice_sequence_from_genomes - INFO - GCF_002022765: 694 uces, 301 dupes, 393 non-dupes, 0 orient drop, 0 length drop, 393 written
2025-09-22 15:06:10,457 - phyluce_probe_slice_sequence_from_genomes - INFO - ---------------- Working on GCF_002113885 genome ----------------
2025-09-22 15:06:10,457 - phyluce_probe_slice_sequence_from_genomes - INFO - Reading GCF_002113885 genome
2025-09-22 15:06:12,947 - phyluce_probe_slice_sequence_from_genomes - INFO - GCF_002113885: 1068 uces, 362 dupes, 706 non-dupes, 0 orient drop, 0 length drop, 706 written
2025-09-22 15:06:12,948 - phyluce_probe_slice_sequence_from_genomes - INFO - ---------------- Working on GCF_020536995 genome ----------------
2025-09-22 15:06:12,948 - phyluce_probe_slice_sequence_from_genomes - INFO - Reading GCF_020536995 genome
2025-09-22 15:06:15,737 - phyluce_probe_slice_sequence_from_genomes - INFO - GCF_020536995: 714 uces, 413 dupes, 301 non-dupes, 0 orient drop, 0 length drop, 301 written
2025-09-22 15:06:15,737 - phyluce_probe_slice_sequence_from_genomes - INFO - ---------------- Working on GCF_021730395 genome ----------------
2025-09-22 15:06:15,737 - phyluce_probe_slice_sequence_from_genomes - INFO - Reading GCF_021730395 genome
2025-09-22 15:06:18,922 - phyluce_probe_slice_sequence_from_genomes - INFO - GCF_021730395: 974 uces, 386 dupes, 588 non-dupes, 0 orient drop, 0 length drop, 588 written
2025-09-22 15:06:18,922 - phyluce_probe_slice_sequence_from_genomes - INFO - ---------------- Working on GCF_021869535 genome ----------------
2025-09-22 15:06:18,922 - phyluce_probe_slice_sequence_from_genomes - INFO - Reading GCF_021869535 genome
2025-09-22 15:06:23,593 - phyluce_probe_slice_sequence_from_genomes - INFO - GCF_021869535: 1139 uces, 477 dupes, 662 non-dupes, 0 orient drop, 0 length drop, 662 written
2025-09-22 15:06:23,594 - phyluce_probe_slice_sequence_from_genomes - INFO - ---------------- Working on GCF_025612915 genome ----------------
2025-09-22 15:06:23,594 - phyluce_probe_slice_sequence_from_genomes - INFO - Reading GCF_025612915 genome
2025-09-22 15:06:25,744 - phyluce_probe_slice_sequence_from_genomes - INFO - GCF_025612915: 706 uces, 260 dupes, 446 non-dupes, 0 orient drop, 1 length drop, 445 written
2025-09-22 15:06:25,744 - phyluce_probe_slice_sequence_from_genomes - INFO - ---------------- Working on GCF_026571515 genome ----------------
2025-09-22 15:06:25,744 - phyluce_probe_slice_sequence_from_genomes - INFO - Reading GCF_026571515 genome
2025-09-22 15:06:28,342 - phyluce_probe_slice_sequence_from_genomes - INFO - GCF_026571515: 938 uces, 357 dupes, 581 non-dupes, 0 orient drop, 0 length drop, 581 written
2025-09-22 15:06:28,342 - phyluce_probe_slice_sequence_from_genomes - INFO - ---------------- Working on GCF_026914265 genome ----------------
2025-09-22 15:06:28,342 - phyluce_probe_slice_sequence_from_genomes - INFO - Reading GCF_026914265 genome
2025-09-22 15:06:30,635 - phyluce_probe_slice_sequence_from_genomes - INFO - GCF_026914265: 743 uces, 347 dupes, 396 non-dupes, 0 orient drop, 0 length drop, 396 written
2025-09-22 15:06:30,635 - phyluce_probe_slice_sequence_from_genomes - INFO - ---------------- Working on GCF_031769215 genome ----------------
2025-09-22 15:06:30,635 - phyluce_probe_slice_sequence_from_genomes - INFO - Reading GCF_031769215 genome
2025-09-22 15:06:32,520 - phyluce_probe_slice_sequence_from_genomes - INFO - GCF_031769215: 1078 uces, 165 dupes, 913 non-dupes, 0 orient drop, 0 length drop, 913 written
2025-09-22 15:06:32,521 - phyluce_probe_slice_sequence_from_genomes - INFO - ---------------- Working on GCF_032062105 genome ----------------
2025-09-22 15:06:32,521 - phyluce_probe_slice_sequence_from_genomes - INFO - Reading GCF_032062105 genome
2025-09-22 15:06:34,387 - phyluce_probe_slice_sequence_from_genomes - INFO - GCF_032062105: 727 uces, 271 dupes, 456 non-dupes, 0 orient drop, 0 length drop, 456 written
2025-09-22 15:06:34,387 - phyluce_probe_slice_sequence_from_genomes - INFO - ---------------- Working on GCF_033153115 genome ----------------
2025-09-22 15:06:34,387 - phyluce_probe_slice_sequence_from_genomes - INFO - Reading GCF_033153115 genome
2025-09-22 15:06:36,288 - phyluce_probe_slice_sequence_from_genomes - INFO - GCF_033153115: 754 uces, 263 dupes, 491 non-dupes, 0 orient drop, 0 length drop, 491 written
2025-09-22 15:06:36,288 - phyluce_probe_slice_sequence_from_genomes - INFO - ---------------- Working on GCF_036588685 genome ----------------
2025-09-22 15:06:36,289 - phyluce_probe_slice_sequence_from_genomes - INFO - Reading GCF_036588685 genome
2025-09-22 15:06:40,431 - phyluce_probe_slice_sequence_from_genomes - INFO - GCF_036588685: 1112 uces, 512 dupes, 600 non-dupes, 0 orient drop, 0 length drop, 600 written
2025-09-22 15:06:40,432 - phyluce_probe_slice_sequence_from_genomes - INFO - ---------------- Working on GCF_041381155 genome ----------------
2025-09-22 15:06:40,432 - phyluce_probe_slice_sequence_from_genomes - INFO - Reading GCF_041381155 genome
2025-09-22 15:06:42,797 - phyluce_probe_slice_sequence_from_genomes - INFO - GCF_041381155: 1032 uces, 330 dupes, 702 non-dupes, 0 orient drop, 1 length drop, 701 written
2025-09-22 15:06:42,797 - phyluce_probe_slice_sequence_from_genomes - INFO - ---------------- Working on GCF_902652985 genome ----------------
2025-09-22 15:06:42,797 - phyluce_probe_slice_sequence_from_genomes - INFO - Reading GCF_902652985 genome
2025-09-22 15:06:45,357 - phyluce_probe_slice_sequence_from_genomes - INFO - GCF_902652985: 1066 uces, 375 dupes, 691 non-dupes, 0 orient drop, 0 length drop, 691 written
2025-09-22 15:06:45,357 - phyluce_probe_slice_sequence_from_genomes - INFO - ---------------- Working on GCF_947568905 genome ----------------
2025-09-22 15:06:45,357 - phyluce_probe_slice_sequence_from_genomes - INFO - Reading GCF_947568905 genome
2025-09-22 15:06:47,940 - phyluce_probe_slice_sequence_from_genomes - INFO - GCF_947568905: 696 uces, 320 dupes, 376 non-dupes, 0 orient drop, 0 length drop, 376 written
2025-09-22 15:06:47,940 - phyluce_probe_slice_sequence_from_genomes - INFO - ---------------- Working on GCF_963676685 genome ----------------
2025-09-22 15:06:47,940 - phyluce_probe_slice_sequence_from_genomes - INFO - Reading GCF_963676685 genome
2025-09-22 15:06:53,547 - phyluce_probe_slice_sequence_from_genomes - INFO - GCF_963676685: 1143 uces, 540 dupes, 603 non-dupes, 0 orient drop, 0 length drop, 603 written
2025-09-22 15:06:53,547 - phyluce_probe_slice_sequence_from_genomes - INFO - ---------------- Working on GCF_963853765 genome ----------------
2025-09-22 15:06:53,547 - phyluce_probe_slice_sequence_from_genomes - INFO - Reading GCF_963853765 genome
2025-09-22 15:06:55,969 - phyluce_probe_slice_sequence_from_genomes - INFO - GCF_963853765: 692 uces, 281 dupes, 411 non-dupes, 0 orient drop, 0 length drop, 411 written
2025-09-22 15:06:55,969 - phyluce_probe_slice_sequence_from_genomes - INFO - ====== Completed phyluce_probe_slice_sequence_from_genomes ======
2025-09-22 15:14:34,871 - phyluce_probe_slice_sequence_from_genomes - INFO - ======= Starting phyluce_probe_slice_sequence_from_genomes ======
2025-09-22 15:14:34,871 - phyluce_probe_slice_sequence_from_genomes - INFO - Version: 1.7.3
2025-09-22 15:14:34,871 - phyluce_probe_slice_sequence_from_genomes - INFO - Commit: None
2025-09-22 15:14:34,871 - phyluce_probe_slice_sequence_from_genomes - INFO - Argument --conf: /home/shared/8TB_HDD_02/mewing0/bivalve_gametogenesis/data/phyluce/genomes.conf
2025-09-22 15:14:34,871 - phyluce_probe_slice_sequence_from_genomes - INFO - Argument --contig_orient: False
2025-09-22 15:14:34,871 - phyluce_probe_slice_sequence_from_genomes - INFO - Argument --exclude: None
2025-09-22 15:14:34,872 - phyluce_probe_slice_sequence_from_genomes - INFO - Argument --flank: 500
2025-09-22 15:14:34,872 - phyluce_probe_slice_sequence_from_genomes - INFO - Argument --lastz: /home/shared/8TB_HDD_02/mewing0/bivalve_gametogenesis/data/phyluce/v2-genome-lastz
2025-09-22 15:14:34,872 - phyluce_probe_slice_sequence_from_genomes - INFO - Argument --log_path: None
2025-09-22 15:14:34,872 - phyluce_probe_slice_sequence_from_genomes - INFO - Argument --output: /home/shared/8TB_HDD_02/mewing0/bivalve_gametogenesis/data/phyluce/v2-genome-fasta
2025-09-22 15:14:34,872 - phyluce_probe_slice_sequence_from_genomes - INFO - Argument --pattern: Baits_Bivalve_v2.fasta_v_{}.lastz.clean
2025-09-22 15:14:34,872 - phyluce_probe_slice_sequence_from_genomes - INFO - Argument --probe_prefix: uce-
2025-09-22 15:14:34,872 - phyluce_probe_slice_sequence_from_genomes - INFO - Argument --probe_regex: ^({}\d+)(?:_p\d+.*)
2025-09-22 15:14:34,872 - phyluce_probe_slice_sequence_from_genomes - INFO - Argument --probes: None
2025-09-22 15:14:34,872 - phyluce_probe_slice_sequence_from_genomes - INFO - Argument --verbosity: INFO
2025-09-22 15:14:34,872 - phyluce_probe_slice_sequence_from_genomes - INFO - =================== Starting Phyluce: Slice Sequence ===================
2025-09-22 15:14:34,872 - phyluce_probe_slice_sequence_from_genomes - INFO - ---------------- Working on GCF_000327385 genome ----------------
2025-09-22 15:14:34,872 - phyluce_probe_slice_sequence_from_genomes - INFO - Reading GCF_000327385 genome
2025-09-22 15:14:35,691 - phyluce_probe_slice_sequence_from_genomes - INFO - GCF_000327385: 458 uces, 7 dupes, 451 non-dupes, 0 orient drop, 0 length drop, 451 written
2025-09-22 15:14:35,691 - phyluce_probe_slice_sequence_from_genomes - INFO - ---------------- Working on GCF_002022765 genome ----------------
2025-09-22 15:14:35,691 - phyluce_probe_slice_sequence_from_genomes - INFO - Reading GCF_002022765 genome
2025-09-22 15:14:37,714 - phyluce_probe_slice_sequence_from_genomes - INFO - GCF_002022765: 694 uces, 301 dupes, 393 non-dupes, 0 orient drop, 0 length drop, 393 written
2025-09-22 15:14:37,714 - phyluce_probe_slice_sequence_from_genomes - INFO - ---------------- Working on GCF_002113885 genome ----------------
2025-09-22 15:14:37,714 - phyluce_probe_slice_sequence_from_genomes - INFO - Reading GCF_002113885 genome
2025-09-22 15:14:40,196 - phyluce_probe_slice_sequence_from_genomes - INFO - GCF_002113885: 1068 uces, 362 dupes, 706 non-dupes, 0 orient drop, 0 length drop, 706 written
2025-09-22 15:14:40,196 - phyluce_probe_slice_sequence_from_genomes - INFO - ---------------- Working on GCF_020536995 genome ----------------
2025-09-22 15:14:40,196 - phyluce_probe_slice_sequence_from_genomes - INFO - Reading GCF_020536995 genome
2025-09-22 15:14:42,986 - phyluce_probe_slice_sequence_from_genomes - INFO - GCF_020536995: 714 uces, 413 dupes, 301 non-dupes, 0 orient drop, 0 length drop, 301 written
2025-09-22 15:14:42,986 - phyluce_probe_slice_sequence_from_genomes - INFO - ---------------- Working on GCF_021730395 genome ----------------
2025-09-22 15:14:42,986 - phyluce_probe_slice_sequence_from_genomes - INFO - Reading GCF_021730395 genome
2025-09-22 15:14:46,172 - phyluce_probe_slice_sequence_from_genomes - INFO - GCF_021730395: 974 uces, 386 dupes, 588 non-dupes, 0 orient drop, 0 length drop, 588 written
2025-09-22 15:14:46,172 - phyluce_probe_slice_sequence_from_genomes - INFO - ---------------- Working on GCF_021869535 genome ----------------
2025-09-22 15:14:46,172 - phyluce_probe_slice_sequence_from_genomes - INFO - Reading GCF_021869535 genome
2025-09-22 15:14:50,823 - phyluce_probe_slice_sequence_from_genomes - INFO - GCF_021869535: 1139 uces, 477 dupes, 662 non-dupes, 0 orient drop, 0 length drop, 662 written
2025-09-22 15:14:50,823 - phyluce_probe_slice_sequence_from_genomes - INFO - ---------------- Working on GCF_025612915 genome ----------------
2025-09-22 15:14:50,823 - phyluce_probe_slice_sequence_from_genomes - INFO - Reading GCF_025612915 genome
2025-09-22 15:14:52,964 - phyluce_probe_slice_sequence_from_genomes - INFO - GCF_025612915: 706 uces, 260 dupes, 446 non-dupes, 0 orient drop, 1 length drop, 445 written
2025-09-22 15:14:52,964 - phyluce_probe_slice_sequence_from_genomes - INFO - ---------------- Working on GCF_026571515 genome ----------------
2025-09-22 15:14:52,964 - phyluce_probe_slice_sequence_from_genomes - INFO - Reading GCF_026571515 genome
2025-09-22 15:14:55,557 - phyluce_probe_slice_sequence_from_genomes - INFO - GCF_026571515: 938 uces, 357 dupes, 581 non-dupes, 0 orient drop, 0 length drop, 581 written
2025-09-22 15:14:55,557 - phyluce_probe_slice_sequence_from_genomes - INFO - ---------------- Working on GCF_026914265 genome ----------------
2025-09-22 15:14:55,557 - phyluce_probe_slice_sequence_from_genomes - INFO - Reading GCF_026914265 genome
2025-09-22 15:14:57,857 - phyluce_probe_slice_sequence_from_genomes - INFO - GCF_026914265: 743 uces, 347 dupes, 396 non-dupes, 0 orient drop, 0 length drop, 396 written
2025-09-22 15:14:57,857 - phyluce_probe_slice_sequence_from_genomes - INFO - ---------------- Working on GCF_031769215 genome ----------------
2025-09-22 15:14:57,857 - phyluce_probe_slice_sequence_from_genomes - INFO - Reading GCF_031769215 genome
2025-09-22 15:14:59,738 - phyluce_probe_slice_sequence_from_genomes - INFO - GCF_031769215: 1078 uces, 165 dupes, 913 non-dupes, 0 orient drop, 0 length drop, 913 written
2025-09-22 15:14:59,738 - phyluce_probe_slice_sequence_from_genomes - INFO - ---------------- Working on GCF_032062105 genome ----------------
2025-09-22 15:14:59,738 - phyluce_probe_slice_sequence_from_genomes - INFO - Reading GCF_032062105 genome
2025-09-22 15:15:01,609 - phyluce_probe_slice_sequence_from_genomes - INFO - GCF_032062105: 727 uces, 271 dupes, 456 non-dupes, 0 orient drop, 0 length drop, 456 written
2025-09-22 15:15:01,609 - phyluce_probe_slice_sequence_from_genomes - INFO - ---------------- Working on GCF_033153115 genome ----------------
2025-09-22 15:15:01,609 - phyluce_probe_slice_sequence_from_genomes - INFO - Reading GCF_033153115 genome
2025-09-22 15:15:03,509 - phyluce_probe_slice_sequence_from_genomes - INFO - GCF_033153115: 754 uces, 263 dupes, 491 non-dupes, 0 orient drop, 0 length drop, 491 written
2025-09-22 15:15:03,510 - phyluce_probe_slice_sequence_from_genomes - INFO - ---------------- Working on GCF_036588685 genome ----------------
2025-09-22 15:15:03,510 - phyluce_probe_slice_sequence_from_genomes - INFO - Reading GCF_036588685 genome
2025-09-22 15:15:07,650 - phyluce_probe_slice_sequence_from_genomes - INFO - GCF_036588685: 1112 uces, 512 dupes, 600 non-dupes, 0 orient drop, 0 length drop, 600 written
2025-09-22 15:15:07,651 - phyluce_probe_slice_sequence_from_genomes - INFO - ---------------- Working on GCF_041381155 genome ----------------
2025-09-22 15:15:07,651 - phyluce_probe_slice_sequence_from_genomes - INFO - Reading GCF_041381155 genome
2025-09-22 15:15:10,009 - phyluce_probe_slice_sequence_from_genomes - INFO - GCF_041381155: 1032 uces, 330 dupes, 702 non-dupes, 0 orient drop, 1 length drop, 701 written
2025-09-22 15:15:10,009 - phyluce_probe_slice_sequence_from_genomes - INFO - ---------------- Working on GCF_902652985 genome ----------------
2025-09-22 15:15:10,009 - phyluce_probe_slice_sequence_from_genomes - INFO - Reading GCF_902652985 genome
2025-09-22 15:15:12,576 - phyluce_probe_slice_sequence_from_genomes - INFO - GCF_902652985: 1066 uces, 375 dupes, 691 non-dupes, 0 orient drop, 0 length drop, 691 written
2025-09-22 15:15:12,576 - phyluce_probe_slice_sequence_from_genomes - INFO - ---------------- Working on GCF_947568905 genome ----------------
2025-09-22 15:15:12,576 - phyluce_probe_slice_sequence_from_genomes - INFO - Reading GCF_947568905 genome
2025-09-22 15:15:15,174 - phyluce_probe_slice_sequence_from_genomes - INFO - GCF_947568905: 696 uces, 320 dupes, 376 non-dupes, 0 orient drop, 0 length drop, 376 written
2025-09-22 15:15:15,174 - phyluce_probe_slice_sequence_from_genomes - INFO - ---------------- Working on GCF_963676685 genome ----------------
2025-09-22 15:15:15,174 - phyluce_probe_slice_sequence_from_genomes - INFO - Reading GCF_963676685 genome
2025-09-22 15:15:20,773 - phyluce_probe_slice_sequence_from_genomes - INFO - GCF_963676685: 1143 uces, 540 dupes, 603 non-dupes, 0 orient drop, 0 length drop, 603 written
2025-09-22 15:15:20,773 - phyluce_probe_slice_sequence_from_genomes - INFO - ---------------- Working on GCF_963853765 genome ----------------
2025-09-22 15:15:20,773 - phyluce_probe_slice_sequence_from_genomes - INFO - Reading GCF_963853765 genome
2025-09-22 15:15:23,203 - phyluce_probe_slice_sequence_from_genomes - INFO - GCF_963853765: 692 uces, 281 dupes, 411 non-dupes, 0 orient drop, 0 length drop, 411 written
2025-09-22 15:15:23,203 - phyluce_probe_slice_sequence_from_genomes - INFO - ====== Completed phyluce_probe_slice_sequence_from_genomes ======
