2025-08-01 16:30:48,162 - phyluce_probe_run_multiple_lastzs_sqlite - INFO - ======= Starting phyluce_probe_run_multiple_lastzs_sqlite =======
2025-08-01 16:30:48,162 - phyluce_probe_run_multiple_lastzs_sqlite - INFO - Version: 1.7.3
2025-08-01 16:30:48,163 - phyluce_probe_run_multiple_lastzs_sqlite - INFO - Commit: None
2025-08-01 16:30:48,163 - phyluce_probe_run_multiple_lastzs_sqlite - INFO - Argument --append: False
2025-08-01 16:30:48,163 - phyluce_probe_run_multiple_lastzs_sqlite - INFO - Argument --base_path: ./
2025-08-01 16:30:48,163 - phyluce_probe_run_multiple_lastzs_sqlite - INFO - Argument --chromolist: []
2025-08-01 16:30:48,163 - phyluce_probe_run_multiple_lastzs_sqlite - INFO - Argument --cores: 10
2025-08-01 16:30:48,163 - phyluce_probe_run_multiple_lastzs_sqlite - INFO - Argument --coverage: 83.0
2025-08-01 16:30:48,163 - phyluce_probe_run_multiple_lastzs_sqlite - INFO - Argument --db: /home/shared/8TB_HDD_02/mewing0/bivalve_gametogenesis/data/phyluce/uce_frombaits_v1
2025-08-01 16:30:48,163 - phyluce_probe_run_multiple_lastzs_sqlite - INFO - Argument --identity: 92.5
2025-08-01 16:30:48,163 - phyluce_probe_run_multiple_lastzs_sqlite - INFO - Argument --log_path: None
2025-08-01 16:30:48,163 - phyluce_probe_run_multiple_lastzs_sqlite - INFO - Argument --no_dir: False
2025-08-01 16:30:48,163 - phyluce_probe_run_multiple_lastzs_sqlite - INFO - Argument --output: /home/shared/8TB_HDD_02/mewing0/bivalve_gametogenesis/data/phyluce/v1-genome-lastz
2025-08-01 16:30:48,163 - phyluce_probe_run_multiple_lastzs_sqlite - INFO - Argument --probefile: /home/shared/8TB_HDD_02/mewing0/bivalve_gametogenesis/data/phyluce/Baits_Bivalve_v1.fasta
2025-08-01 16:30:48,163 - phyluce_probe_run_multiple_lastzs_sqlite - INFO - Argument --scaffoldlist: ['GCF_002022765', 'GCF_002113885', 'GCF_020536995', 'GCF_021730395', 'GCF_021869535', 'GCF_025612915', 'GCF_026571515', 'GCF_026914265', 'GCF_031769215', 'GCF_032062105', 'GCF_033153115', 'GCF_036588685', 'GCF_041381155', 'GCF_902652985', 'GCF_947568905', 'GCF_963676685', 'GCF_963853765']
2025-08-01 16:30:48,163 - phyluce_probe_run_multiple_lastzs_sqlite - INFO - Argument --verbosity: INFO
2025-08-01 16:30:48,164 - phyluce_probe_run_multiple_lastzs_sqlite - INFO - Checking to ensure all genome sequences exist as 2bit files
2025-08-01 16:30:48,164 - phyluce_probe_run_multiple_lastzs_sqlite - INFO - Created species table
2025-08-01 16:30:48,244 - phyluce_probe_run_multiple_lastzs_sqlite - INFO - Aligning against GCF_002022765 scaffolds
2025-08-01 16:30:48,567 - phyluce_probe_run_multiple_lastzs_sqlite - INFO - Running against GCF_002022765.2bit
2025-08-01 16:30:48,568 - phyluce_probe_run_multiple_lastzs_sqlite - INFO - Running with the --huge option.  Chunking files into 10000000 bp...
2025-08-01 16:30:50,308 - phyluce_probe_run_multiple_lastzs_sqlite - INFO - Running the targets against 12 queries...
2025-08-01 16:31:18,548 - phyluce_probe_run_multiple_lastzs_sqlite - INFO - Writing the results file...
2025-08-01 16:31:18,550 - phyluce_probe_run_multiple_lastzs_sqlite - INFO - Cleaning up the chunked files...
2025-08-01 16:31:18,572 - phyluce_probe_run_multiple_lastzs_sqlite - INFO - Cleaning the LASTZ output for GCF_002022765
2025-08-01 16:31:18,572 - phyluce_probe_run_multiple_lastzs_sqlite - INFO - Creating the GCF_002022765 table
2025-08-01 16:31:18,808 - phyluce_probe_run_multiple_lastzs_sqlite - INFO - Inserting data to the GCF_002022765 table
2025-08-01 16:31:18,813 - phyluce_probe_run_multiple_lastzs_sqlite - INFO - Aligning against GCF_002113885 scaffolds
2025-08-01 16:31:19,191 - phyluce_probe_run_multiple_lastzs_sqlite - INFO - Running against GCF_002113885.2bit
2025-08-01 16:31:19,191 - phyluce_probe_run_multiple_lastzs_sqlite - INFO - Running with the --huge option.  Chunking files into 10000000 bp...
2025-08-01 16:31:20,357 - phyluce_probe_run_multiple_lastzs_sqlite - INFO - Running the targets against 9 queries...
2025-08-01 16:31:37,668 - phyluce_probe_run_multiple_lastzs_sqlite - INFO - Writing the results file...
2025-08-01 16:31:37,671 - phyluce_probe_run_multiple_lastzs_sqlite - INFO - Cleaning up the chunked files...
2025-08-01 16:31:37,688 - phyluce_probe_run_multiple_lastzs_sqlite - INFO - Cleaning the LASTZ output for GCF_002113885
2025-08-01 16:31:37,693 - phyluce_probe_run_multiple_lastzs_sqlite - INFO - Creating the GCF_002113885 table
2025-08-01 16:31:37,694 - phyluce_probe_run_multiple_lastzs_sqlite - INFO - Inserting data to the GCF_002113885 table
2025-08-01 16:31:37,837 - phyluce_probe_run_multiple_lastzs_sqlite - INFO - Aligning against GCF_020536995 scaffolds
2025-08-01 16:31:38,112 - phyluce_probe_run_multiple_lastzs_sqlite - INFO - Running against GCF_020536995.2bit
2025-08-01 16:31:38,112 - phyluce_probe_run_multiple_lastzs_sqlite - INFO - Running with the --huge option.  Chunking files into 10000000 bp...
2025-08-01 16:31:40,008 - phyluce_probe_run_multiple_lastzs_sqlite - INFO - Running the targets against 14 queries...
2025-08-01 16:32:06,143 - phyluce_probe_run_multiple_lastzs_sqlite - INFO - Writing the results file...
2025-08-01 16:32:06,144 - phyluce_probe_run_multiple_lastzs_sqlite - INFO - Cleaning up the chunked files...
2025-08-01 16:32:06,173 - phyluce_probe_run_multiple_lastzs_sqlite - INFO - Cleaning the LASTZ output for GCF_020536995
2025-08-01 16:32:06,174 - phyluce_probe_run_multiple_lastzs_sqlite - INFO - Creating the GCF_020536995 table
2025-08-01 16:32:06,175 - phyluce_probe_run_multiple_lastzs_sqlite - INFO - Inserting data to the GCF_020536995 table
2025-08-01 16:32:06,175 - phyluce_probe_run_multiple_lastzs_sqlite - INFO - Aligning against GCF_021730395 scaffolds
2025-08-01 16:32:06,652 - phyluce_probe_run_multiple_lastzs_sqlite - INFO - Running against GCF_021730395.2bit
2025-08-01 16:32:06,652 - phyluce_probe_run_multiple_lastzs_sqlite - INFO - Running with the --huge option.  Chunking files into 10000000 bp...
2025-08-01 16:32:08,548 - phyluce_probe_run_multiple_lastzs_sqlite - INFO - Running the targets against 13 queries...
2025-08-01 16:32:37,219 - phyluce_probe_run_multiple_lastzs_sqlite - INFO - Writing the results file...
2025-08-01 16:32:37,220 - phyluce_probe_run_multiple_lastzs_sqlite - INFO - Cleaning up the chunked files...
2025-08-01 16:32:37,244 - phyluce_probe_run_multiple_lastzs_sqlite - INFO - Cleaning the LASTZ output for GCF_021730395
2025-08-01 16:32:37,245 - phyluce_probe_run_multiple_lastzs_sqlite - INFO - Creating the GCF_021730395 table
2025-08-01 16:32:37,246 - phyluce_probe_run_multiple_lastzs_sqlite - INFO - Inserting data to the GCF_021730395 table
2025-08-01 16:32:37,249 - phyluce_probe_run_multiple_lastzs_sqlite - INFO - Aligning against GCF_021869535 scaffolds
2025-08-01 16:32:37,700 - phyluce_probe_run_multiple_lastzs_sqlite - INFO - Running against GCF_021869535.2bit
2025-08-01 16:32:37,701 - phyluce_probe_run_multiple_lastzs_sqlite - INFO - Running with the --huge option.  Chunking files into 10000000 bp...
2025-08-01 16:32:39,195 - phyluce_probe_run_multiple_lastzs_sqlite - INFO - Running the targets against 11 queries...
2025-08-01 16:33:01,601 - phyluce_probe_run_multiple_lastzs_sqlite - INFO - Writing the results file...
2025-08-01 16:33:01,603 - phyluce_probe_run_multiple_lastzs_sqlite - INFO - Cleaning up the chunked files...
2025-08-01 16:33:01,624 - phyluce_probe_run_multiple_lastzs_sqlite - INFO - Cleaning the LASTZ output for GCF_021869535
2025-08-01 16:33:01,625 - phyluce_probe_run_multiple_lastzs_sqlite - INFO - Creating the GCF_021869535 table
2025-08-01 16:33:01,626 - phyluce_probe_run_multiple_lastzs_sqlite - INFO - Inserting data to the GCF_021869535 table
2025-08-01 16:33:01,628 - phyluce_probe_run_multiple_lastzs_sqlite - INFO - Aligning against GCF_025612915 scaffolds
2025-08-01 16:33:02,095 - phyluce_probe_run_multiple_lastzs_sqlite - INFO - Running against GCF_025612915.2bit
2025-08-01 16:33:02,095 - phyluce_probe_run_multiple_lastzs_sqlite - INFO - Running with the --huge option.  Chunking files into 10000000 bp...
2025-08-01 16:33:03,422 - phyluce_probe_run_multiple_lastzs_sqlite - INFO - Running the targets against 11 queries...
2025-08-01 16:33:19,906 - phyluce_probe_run_multiple_lastzs_sqlite - INFO - Writing the results file...
2025-08-01 16:33:19,908 - phyluce_probe_run_multiple_lastzs_sqlite - INFO - Cleaning up the chunked files...
2025-08-01 16:33:19,925 - phyluce_probe_run_multiple_lastzs_sqlite - INFO - Cleaning the LASTZ output for GCF_025612915
2025-08-01 16:33:19,930 - phyluce_probe_run_multiple_lastzs_sqlite - INFO - Creating the GCF_025612915 table
2025-08-01 16:33:19,931 - phyluce_probe_run_multiple_lastzs_sqlite - INFO - Inserting data to the GCF_025612915 table
2025-08-01 16:33:19,997 - phyluce_probe_run_multiple_lastzs_sqlite - INFO - Aligning against GCF_026571515 scaffolds
2025-08-01 16:33:20,292 - phyluce_probe_run_multiple_lastzs_sqlite - INFO - Running against GCF_026571515.2bit
2025-08-01 16:33:20,292 - phyluce_probe_run_multiple_lastzs_sqlite - INFO - Running with the --huge option.  Chunking files into 10000000 bp...
2025-08-01 16:33:21,919 - phyluce_probe_run_multiple_lastzs_sqlite - INFO - Running the targets against 10 queries...
2025-08-01 16:33:39,706 - phyluce_probe_run_multiple_lastzs_sqlite - INFO - Writing the results file...
2025-08-01 16:33:39,708 - phyluce_probe_run_multiple_lastzs_sqlite - INFO - Cleaning up the chunked files...
2025-08-01 16:33:39,729 - phyluce_probe_run_multiple_lastzs_sqlite - INFO - Cleaning the LASTZ output for GCF_026571515
2025-08-01 16:33:39,734 - phyluce_probe_run_multiple_lastzs_sqlite - INFO - Creating the GCF_026571515 table
2025-08-01 16:33:39,735 - phyluce_probe_run_multiple_lastzs_sqlite - INFO - Inserting data to the GCF_026571515 table
2025-08-01 16:33:39,775 - phyluce_probe_run_multiple_lastzs_sqlite - INFO - Aligning against GCF_026914265 scaffolds
2025-08-01 16:33:40,396 - phyluce_probe_run_multiple_lastzs_sqlite - INFO - Running against GCF_026914265.2bit
2025-08-01 16:33:40,396 - phyluce_probe_run_multiple_lastzs_sqlite - INFO - Running with the --huge option.  Chunking files into 10000000 bp...
2025-08-01 16:33:42,529 - phyluce_probe_run_multiple_lastzs_sqlite - INFO - Running the targets against 13 queries...
2025-08-01 16:34:09,555 - phyluce_probe_run_multiple_lastzs_sqlite - INFO - Writing the results file...
2025-08-01 16:34:09,556 - phyluce_probe_run_multiple_lastzs_sqlite - INFO - Cleaning up the chunked files...
2025-08-01 16:34:09,574 - phyluce_probe_run_multiple_lastzs_sqlite - INFO - Cleaning the LASTZ output for GCF_026914265
2025-08-01 16:34:09,574 - phyluce_probe_run_multiple_lastzs_sqlite - INFO - Creating the GCF_026914265 table
2025-08-01 16:34:09,575 - phyluce_probe_run_multiple_lastzs_sqlite - INFO - Inserting data to the GCF_026914265 table
2025-08-01 16:34:09,576 - phyluce_probe_run_multiple_lastzs_sqlite - INFO - Aligning against GCF_031769215 scaffolds
2025-08-01 16:34:09,751 - phyluce_probe_run_multiple_lastzs_sqlite - INFO - Running against GCF_031769215.2bit
2025-08-01 16:34:09,752 - phyluce_probe_run_multiple_lastzs_sqlite - INFO - Running with the --huge option.  Chunking files into 10000000 bp...
2025-08-01 16:34:10,336 - phyluce_probe_run_multiple_lastzs_sqlite - INFO - Running the targets against 5 queries...
2025-08-01 16:34:26,971 - phyluce_probe_run_multiple_lastzs_sqlite - INFO - Writing the results file...
2025-08-01 16:34:26,972 - phyluce_probe_run_multiple_lastzs_sqlite - INFO - Cleaning up the chunked files...
2025-08-01 16:34:26,982 - phyluce_probe_run_multiple_lastzs_sqlite - INFO - Cleaning the LASTZ output for GCF_031769215
2025-08-01 16:34:26,982 - phyluce_probe_run_multiple_lastzs_sqlite - INFO - Creating the GCF_031769215 table
2025-08-01 16:34:26,984 - phyluce_probe_run_multiple_lastzs_sqlite - INFO - Inserting data to the GCF_031769215 table
2025-08-01 16:34:26,988 - phyluce_probe_run_multiple_lastzs_sqlite - INFO - Aligning against GCF_032062105 scaffolds
2025-08-01 16:34:27,389 - phyluce_probe_run_multiple_lastzs_sqlite - INFO - Running against GCF_032062105.2bit
2025-08-01 16:34:27,389 - phyluce_probe_run_multiple_lastzs_sqlite - INFO - Running with the --huge option.  Chunking files into 10000000 bp...
2025-08-01 16:34:28,770 - phyluce_probe_run_multiple_lastzs_sqlite - INFO - Running the targets against 10 queries...
2025-08-01 16:34:45,429 - phyluce_probe_run_multiple_lastzs_sqlite - INFO - Writing the results file...
2025-08-01 16:34:45,430 - phyluce_probe_run_multiple_lastzs_sqlite - INFO - Cleaning up the chunked files...
2025-08-01 16:34:45,448 - phyluce_probe_run_multiple_lastzs_sqlite - INFO - Cleaning the LASTZ output for GCF_032062105
2025-08-01 16:34:45,448 - phyluce_probe_run_multiple_lastzs_sqlite - INFO - Creating the GCF_032062105 table
2025-08-01 16:34:45,450 - phyluce_probe_run_multiple_lastzs_sqlite - INFO - Inserting data to the GCF_032062105 table
2025-08-01 16:34:45,452 - phyluce_probe_run_multiple_lastzs_sqlite - INFO - Aligning against GCF_033153115 scaffolds
2025-08-01 16:34:45,644 - phyluce_probe_run_multiple_lastzs_sqlite - INFO - Running against GCF_033153115.2bit
2025-08-01 16:34:45,644 - phyluce_probe_run_multiple_lastzs_sqlite - INFO - Running with the --huge option.  Chunking files into 10000000 bp...
2025-08-01 16:34:46,882 - phyluce_probe_run_multiple_lastzs_sqlite - INFO - Running the targets against 7 queries...
2025-08-01 16:35:03,834 - phyluce_probe_run_multiple_lastzs_sqlite - INFO - Writing the results file...
2025-08-01 16:35:03,836 - phyluce_probe_run_multiple_lastzs_sqlite - INFO - Cleaning up the chunked files...
2025-08-01 16:35:03,850 - phyluce_probe_run_multiple_lastzs_sqlite - INFO - Cleaning the LASTZ output for GCF_033153115
2025-08-01 16:35:03,851 - phyluce_probe_run_multiple_lastzs_sqlite - INFO - Creating the GCF_033153115 table
2025-08-01 16:35:03,852 - phyluce_probe_run_multiple_lastzs_sqlite - INFO - Inserting data to the GCF_033153115 table
2025-08-01 16:35:03,854 - phyluce_probe_run_multiple_lastzs_sqlite - INFO - Aligning against GCF_036588685 scaffolds
2025-08-01 16:35:04,276 - phyluce_probe_run_multiple_lastzs_sqlite - INFO - Running against GCF_036588685.2bit
2025-08-01 16:35:04,276 - phyluce_probe_run_multiple_lastzs_sqlite - INFO - Running with the --huge option.  Chunking files into 10000000 bp...
2025-08-01 16:35:05,693 - phyluce_probe_run_multiple_lastzs_sqlite - INFO - Running the targets against 10 queries...
2025-08-01 16:35:24,152 - phyluce_probe_run_multiple_lastzs_sqlite - INFO - Writing the results file...
2025-08-01 16:35:24,154 - phyluce_probe_run_multiple_lastzs_sqlite - INFO - Cleaning up the chunked files...
2025-08-01 16:35:24,173 - phyluce_probe_run_multiple_lastzs_sqlite - INFO - Cleaning the LASTZ output for GCF_036588685
2025-08-01 16:35:24,173 - phyluce_probe_run_multiple_lastzs_sqlite - INFO - Creating the GCF_036588685 table
2025-08-01 16:35:24,174 - phyluce_probe_run_multiple_lastzs_sqlite - INFO - Inserting data to the GCF_036588685 table
2025-08-01 16:35:24,177 - phyluce_probe_run_multiple_lastzs_sqlite - INFO - Aligning against GCF_041381155 scaffolds
2025-08-01 16:35:24,519 - phyluce_probe_run_multiple_lastzs_sqlite - INFO - Running against GCF_041381155.2bit
2025-08-01 16:35:24,520 - phyluce_probe_run_multiple_lastzs_sqlite - INFO - Running with the --huge option.  Chunking files into 10000000 bp...
2025-08-01 16:35:25,652 - phyluce_probe_run_multiple_lastzs_sqlite - INFO - Running the targets against 9 queries...
2025-08-01 16:35:42,139 - phyluce_probe_run_multiple_lastzs_sqlite - INFO - Writing the results file...
2025-08-01 16:35:42,141 - phyluce_probe_run_multiple_lastzs_sqlite - INFO - Cleaning up the chunked files...
2025-08-01 16:35:42,160 - phyluce_probe_run_multiple_lastzs_sqlite - INFO - Cleaning the LASTZ output for GCF_041381155
2025-08-01 16:35:42,161 - phyluce_probe_run_multiple_lastzs_sqlite - INFO - Creating the GCF_041381155 table
2025-08-01 16:35:42,162 - phyluce_probe_run_multiple_lastzs_sqlite - INFO - Inserting data to the GCF_041381155 table
2025-08-01 16:35:42,166 - phyluce_probe_run_multiple_lastzs_sqlite - INFO - Aligning against GCF_902652985 scaffolds
2025-08-01 16:35:42,561 - phyluce_probe_run_multiple_lastzs_sqlite - INFO - Running against GCF_902652985.2bit
2025-08-01 16:35:42,561 - phyluce_probe_run_multiple_lastzs_sqlite - INFO - Running with the --huge option.  Chunking files into 10000000 bp...
2025-08-01 16:35:43,892 - phyluce_probe_run_multiple_lastzs_sqlite - INFO - Running the targets against 8 queries...
2025-08-01 16:36:01,942 - phyluce_probe_run_multiple_lastzs_sqlite - INFO - Writing the results file...
2025-08-01 16:36:01,943 - phyluce_probe_run_multiple_lastzs_sqlite - INFO - Cleaning up the chunked files...
2025-08-01 16:36:01,963 - phyluce_probe_run_multiple_lastzs_sqlite - INFO - Cleaning the LASTZ output for GCF_902652985
2025-08-01 16:36:01,964 - phyluce_probe_run_multiple_lastzs_sqlite - INFO - Creating the GCF_902652985 table
2025-08-01 16:36:01,966 - phyluce_probe_run_multiple_lastzs_sqlite - INFO - Inserting data to the GCF_902652985 table
2025-08-01 16:36:01,972 - phyluce_probe_run_multiple_lastzs_sqlite - INFO - Aligning against GCF_947568905 scaffolds
2025-08-01 16:36:02,229 - phyluce_probe_run_multiple_lastzs_sqlite - INFO - Running against GCF_947568905.2bit
2025-08-01 16:36:02,229 - phyluce_probe_run_multiple_lastzs_sqlite - INFO - Running with the --huge option.  Chunking files into 10000000 bp...
2025-08-01 16:36:04,022 - phyluce_probe_run_multiple_lastzs_sqlite - INFO - Running the targets against 12 queries...
2025-08-01 16:36:29,809 - phyluce_probe_run_multiple_lastzs_sqlite - INFO - Writing the results file...
2025-08-01 16:36:29,810 - phyluce_probe_run_multiple_lastzs_sqlite - INFO - Cleaning up the chunked files...
2025-08-01 16:36:29,828 - phyluce_probe_run_multiple_lastzs_sqlite - INFO - Cleaning the LASTZ output for GCF_947568905
2025-08-01 16:36:29,828 - phyluce_probe_run_multiple_lastzs_sqlite - INFO - Creating the GCF_947568905 table
2025-08-01 16:36:29,830 - phyluce_probe_run_multiple_lastzs_sqlite - INFO - Inserting data to the GCF_947568905 table
2025-08-01 16:36:29,832 - phyluce_probe_run_multiple_lastzs_sqlite - INFO - Aligning against GCF_963676685 scaffolds
2025-08-01 16:36:30,213 - phyluce_probe_run_multiple_lastzs_sqlite - INFO - Running against GCF_963676685.2bit
2025-08-01 16:36:30,213 - phyluce_probe_run_multiple_lastzs_sqlite - INFO - Running with the --huge option.  Chunking files into 10000000 bp...
2025-08-01 16:36:32,117 - phyluce_probe_run_multiple_lastzs_sqlite - INFO - Running the targets against 14 queries...
2025-08-01 16:37:02,921 - phyluce_probe_run_multiple_lastzs_sqlite - INFO - Writing the results file...
2025-08-01 16:37:02,924 - phyluce_probe_run_multiple_lastzs_sqlite - INFO - Cleaning up the chunked files...
2025-08-01 16:37:02,960 - phyluce_probe_run_multiple_lastzs_sqlite - INFO - Cleaning the LASTZ output for GCF_963676685
2025-08-01 16:37:02,961 - phyluce_probe_run_multiple_lastzs_sqlite - INFO - Creating the GCF_963676685 table
2025-08-01 16:37:02,963 - phyluce_probe_run_multiple_lastzs_sqlite - INFO - Inserting data to the GCF_963676685 table
2025-08-01 16:37:02,965 - phyluce_probe_run_multiple_lastzs_sqlite - INFO - Aligning against GCF_963853765 scaffolds
2025-08-01 16:37:03,342 - phyluce_probe_run_multiple_lastzs_sqlite - INFO - Running against GCF_963853765.2bit
2025-08-01 16:37:03,343 - phyluce_probe_run_multiple_lastzs_sqlite - INFO - Running with the --huge option.  Chunking files into 10000000 bp...
2025-08-01 16:37:04,876 - phyluce_probe_run_multiple_lastzs_sqlite - INFO - Running the targets against 12 queries...
2025-08-01 16:37:29,546 - phyluce_probe_run_multiple_lastzs_sqlite - INFO - Writing the results file...
2025-08-01 16:37:29,548 - phyluce_probe_run_multiple_lastzs_sqlite - INFO - Cleaning up the chunked files...
2025-08-01 16:37:29,571 - phyluce_probe_run_multiple_lastzs_sqlite - INFO - Cleaning the LASTZ output for GCF_963853765
2025-08-01 16:37:29,577 - phyluce_probe_run_multiple_lastzs_sqlite - INFO - Creating the GCF_963853765 table
2025-08-01 16:37:29,579 - phyluce_probe_run_multiple_lastzs_sqlite - INFO - Inserting data to the GCF_963853765 table
2025-08-01 16:37:29,804 - phyluce_probe_run_multiple_lastzs_sqlite - INFO - ======= Completed phyluce_probe_run_multiple_lastzs_sqlite ======
2025-08-01 16:37:41,449 - phyluce_probe_run_multiple_lastzs_sqlite - INFO - ======= Starting phyluce_probe_run_multiple_lastzs_sqlite =======
2025-08-01 16:37:41,449 - phyluce_probe_run_multiple_lastzs_sqlite - INFO - Version: 1.7.3
2025-08-01 16:37:41,449 - phyluce_probe_run_multiple_lastzs_sqlite - INFO - Commit: None
2025-08-01 16:37:41,449 - phyluce_probe_run_multiple_lastzs_sqlite - INFO - Argument --append: False
2025-08-01 16:37:41,449 - phyluce_probe_run_multiple_lastzs_sqlite - INFO - Argument --base_path: ./
2025-08-01 16:37:41,449 - phyluce_probe_run_multiple_lastzs_sqlite - INFO - Argument --chromolist: []
2025-08-01 16:37:41,449 - phyluce_probe_run_multiple_lastzs_sqlite - INFO - Argument --cores: 10
2025-08-01 16:37:41,449 - phyluce_probe_run_multiple_lastzs_sqlite - INFO - Argument --coverage: 83.0
2025-08-01 16:37:41,449 - phyluce_probe_run_multiple_lastzs_sqlite - INFO - Argument --db: /home/shared/8TB_HDD_02/mewing0/bivalve_gametogenesis/data/phyluce/uce_frombaits_v2
2025-08-01 16:37:41,449 - phyluce_probe_run_multiple_lastzs_sqlite - INFO - Argument --identity: 92.5
2025-08-01 16:37:41,449 - phyluce_probe_run_multiple_lastzs_sqlite - INFO - Argument --log_path: None
2025-08-01 16:37:41,449 - phyluce_probe_run_multiple_lastzs_sqlite - INFO - Argument --no_dir: False
2025-08-01 16:37:41,449 - phyluce_probe_run_multiple_lastzs_sqlite - INFO - Argument --output: /home/shared/8TB_HDD_02/mewing0/bivalve_gametogenesis/data/phyluce/v2-genome-lastz
2025-08-01 16:37:41,450 - phyluce_probe_run_multiple_lastzs_sqlite - INFO - Argument --probefile: /home/shared/8TB_HDD_02/mewing0/bivalve_gametogenesis/data/phyluce/Baits_Bivalve_v2.fasta
2025-08-01 16:37:41,450 - phyluce_probe_run_multiple_lastzs_sqlite - INFO - Argument --scaffoldlist: ['GCF_002022765', 'GCF_002113885', 'GCF_020536995', 'GCF_021730395', 'GCF_021869535', 'GCF_025612915', 'GCF_026571515', 'GCF_026914265', 'GCF_031769215', 'GCF_032062105', 'GCF_033153115', 'GCF_036588685', 'GCF_041381155', 'GCF_902652985', 'GCF_947568905', 'GCF_963676685', 'GCF_963853765']
2025-08-01 16:37:41,450 - phyluce_probe_run_multiple_lastzs_sqlite - INFO - Argument --verbosity: INFO
2025-08-01 16:37:41,450 - phyluce_probe_run_multiple_lastzs_sqlite - INFO - Checking to ensure all genome sequences exist as 2bit files
2025-08-01 16:37:41,450 - phyluce_probe_run_multiple_lastzs_sqlite - INFO - Created species table
2025-08-01 16:37:41,583 - phyluce_probe_run_multiple_lastzs_sqlite - INFO - Aligning against GCF_002022765 scaffolds
2025-08-01 16:37:41,897 - phyluce_probe_run_multiple_lastzs_sqlite - INFO - Running against GCF_002022765.2bit
2025-08-01 16:37:41,897 - phyluce_probe_run_multiple_lastzs_sqlite - INFO - Running with the --huge option.  Chunking files into 10000000 bp...
2025-08-01 16:37:43,658 - phyluce_probe_run_multiple_lastzs_sqlite - INFO - Running the targets against 12 queries...
2025-08-01 16:38:09,813 - phyluce_probe_run_multiple_lastzs_sqlite - INFO - Writing the results file...
2025-08-01 16:38:09,814 - phyluce_probe_run_multiple_lastzs_sqlite - INFO - Cleaning up the chunked files...
2025-08-01 16:38:09,836 - phyluce_probe_run_multiple_lastzs_sqlite - INFO - Cleaning the LASTZ output for GCF_002022765
2025-08-01 16:38:09,837 - phyluce_probe_run_multiple_lastzs_sqlite - INFO - Creating the GCF_002022765 table
2025-08-01 16:38:10,122 - phyluce_probe_run_multiple_lastzs_sqlite - INFO - Inserting data to the GCF_002022765 table
2025-08-01 16:38:10,123 - phyluce_probe_run_multiple_lastzs_sqlite - INFO - Aligning against GCF_002113885 scaffolds
2025-08-01 16:38:10,424 - phyluce_probe_run_multiple_lastzs_sqlite - INFO - Running against GCF_002113885.2bit
2025-08-01 16:38:10,425 - phyluce_probe_run_multiple_lastzs_sqlite - INFO - Running with the --huge option.  Chunking files into 10000000 bp...
2025-08-01 16:38:11,517 - phyluce_probe_run_multiple_lastzs_sqlite - INFO - Running the targets against 9 queries...
2025-08-01 16:38:26,336 - phyluce_probe_run_multiple_lastzs_sqlite - INFO - Writing the results file...
2025-08-01 16:38:26,338 - phyluce_probe_run_multiple_lastzs_sqlite - INFO - Cleaning up the chunked files...
2025-08-01 16:38:26,355 - phyluce_probe_run_multiple_lastzs_sqlite - INFO - Cleaning the LASTZ output for GCF_002113885
2025-08-01 16:38:26,359 - phyluce_probe_run_multiple_lastzs_sqlite - INFO - Creating the GCF_002113885 table
2025-08-01 16:38:26,360 - phyluce_probe_run_multiple_lastzs_sqlite - INFO - Inserting data to the GCF_002113885 table
2025-08-01 16:38:26,499 - phyluce_probe_run_multiple_lastzs_sqlite - INFO - Aligning against GCF_020536995 scaffolds
2025-08-01 16:38:26,928 - phyluce_probe_run_multiple_lastzs_sqlite - INFO - Running against GCF_020536995.2bit
2025-08-01 16:38:26,928 - phyluce_probe_run_multiple_lastzs_sqlite - INFO - Running with the --huge option.  Chunking files into 10000000 bp...
2025-08-01 16:38:29,052 - phyluce_probe_run_multiple_lastzs_sqlite - INFO - Running the targets against 14 queries...
2025-08-01 16:38:54,294 - phyluce_probe_run_multiple_lastzs_sqlite - INFO - Writing the results file...
2025-08-01 16:38:54,294 - phyluce_probe_run_multiple_lastzs_sqlite - INFO - Cleaning up the chunked files...
2025-08-01 16:38:54,323 - phyluce_probe_run_multiple_lastzs_sqlite - INFO - Cleaning the LASTZ output for GCF_020536995
2025-08-01 16:38:54,324 - phyluce_probe_run_multiple_lastzs_sqlite - INFO - Creating the GCF_020536995 table
2025-08-01 16:38:54,325 - phyluce_probe_run_multiple_lastzs_sqlite - INFO - Inserting data to the GCF_020536995 table
2025-08-01 16:38:54,325 - phyluce_probe_run_multiple_lastzs_sqlite - INFO - Aligning against GCF_021730395 scaffolds
2025-08-01 16:38:54,707 - phyluce_probe_run_multiple_lastzs_sqlite - INFO - Running against GCF_021730395.2bit
2025-08-01 16:38:54,708 - phyluce_probe_run_multiple_lastzs_sqlite - INFO - Running with the --huge option.  Chunking files into 10000000 bp...
2025-08-01 16:38:56,437 - phyluce_probe_run_multiple_lastzs_sqlite - INFO - Running the targets against 13 queries...
2025-08-01 16:39:25,921 - phyluce_probe_run_multiple_lastzs_sqlite - INFO - Writing the results file...
2025-08-01 16:39:25,922 - phyluce_probe_run_multiple_lastzs_sqlite - INFO - Cleaning up the chunked files...
2025-08-01 16:39:25,948 - phyluce_probe_run_multiple_lastzs_sqlite - INFO - Cleaning the LASTZ output for GCF_021730395
2025-08-01 16:39:25,948 - phyluce_probe_run_multiple_lastzs_sqlite - INFO - Creating the GCF_021730395 table
2025-08-01 16:39:25,950 - phyluce_probe_run_multiple_lastzs_sqlite - INFO - Inserting data to the GCF_021730395 table
2025-08-01 16:39:25,950 - phyluce_probe_run_multiple_lastzs_sqlite - INFO - Aligning against GCF_021869535 scaffolds
2025-08-01 16:39:26,403 - phyluce_probe_run_multiple_lastzs_sqlite - INFO - Running against GCF_021869535.2bit
2025-08-01 16:39:26,403 - phyluce_probe_run_multiple_lastzs_sqlite - INFO - Running with the --huge option.  Chunking files into 10000000 bp...
2025-08-01 16:39:28,007 - phyluce_probe_run_multiple_lastzs_sqlite - INFO - Running the targets against 11 queries...
2025-08-01 16:39:48,260 - phyluce_probe_run_multiple_lastzs_sqlite - INFO - Writing the results file...
2025-08-01 16:39:48,261 - phyluce_probe_run_multiple_lastzs_sqlite - INFO - Cleaning up the chunked files...
2025-08-01 16:39:48,273 - phyluce_probe_run_multiple_lastzs_sqlite - INFO - Cleaning the LASTZ output for GCF_021869535
2025-08-01 16:39:48,275 - phyluce_probe_run_multiple_lastzs_sqlite - INFO - Creating the GCF_021869535 table
2025-08-01 16:39:48,276 - phyluce_probe_run_multiple_lastzs_sqlite - INFO - Inserting data to the GCF_021869535 table
2025-08-01 16:39:48,287 - phyluce_probe_run_multiple_lastzs_sqlite - INFO - Aligning against GCF_025612915 scaffolds
2025-08-01 16:39:48,567 - phyluce_probe_run_multiple_lastzs_sqlite - INFO - Running against GCF_025612915.2bit
2025-08-01 16:39:48,567 - phyluce_probe_run_multiple_lastzs_sqlite - INFO - Running with the --huge option.  Chunking files into 10000000 bp...
2025-08-01 16:39:50,051 - phyluce_probe_run_multiple_lastzs_sqlite - INFO - Running the targets against 11 queries...
2025-08-01 16:40:07,485 - phyluce_probe_run_multiple_lastzs_sqlite - INFO - Writing the results file...
2025-08-01 16:40:07,487 - phyluce_probe_run_multiple_lastzs_sqlite - INFO - Cleaning up the chunked files...
2025-08-01 16:40:07,508 - phyluce_probe_run_multiple_lastzs_sqlite - INFO - Cleaning the LASTZ output for GCF_025612915
2025-08-01 16:40:07,510 - phyluce_probe_run_multiple_lastzs_sqlite - INFO - Creating the GCF_025612915 table
2025-08-01 16:40:07,511 - phyluce_probe_run_multiple_lastzs_sqlite - INFO - Inserting data to the GCF_025612915 table
2025-08-01 16:40:07,522 - phyluce_probe_run_multiple_lastzs_sqlite - INFO - Aligning against GCF_026571515 scaffolds
2025-08-01 16:40:07,990 - phyluce_probe_run_multiple_lastzs_sqlite - INFO - Running against GCF_026571515.2bit
2025-08-01 16:40:07,990 - phyluce_probe_run_multiple_lastzs_sqlite - INFO - Running with the --huge option.  Chunking files into 10000000 bp...
2025-08-01 16:40:09,650 - phyluce_probe_run_multiple_lastzs_sqlite - INFO - Running the targets against 10 queries...
2025-08-01 16:40:26,590 - phyluce_probe_run_multiple_lastzs_sqlite - INFO - Writing the results file...
2025-08-01 16:40:26,592 - phyluce_probe_run_multiple_lastzs_sqlite - INFO - Cleaning up the chunked files...
2025-08-01 16:40:26,610 - phyluce_probe_run_multiple_lastzs_sqlite - INFO - Cleaning the LASTZ output for GCF_026571515
2025-08-01 16:40:26,611 - phyluce_probe_run_multiple_lastzs_sqlite - INFO - Creating the GCF_026571515 table
2025-08-01 16:40:26,613 - phyluce_probe_run_multiple_lastzs_sqlite - INFO - Inserting data to the GCF_026571515 table
2025-08-01 16:40:26,617 - phyluce_probe_run_multiple_lastzs_sqlite - INFO - Aligning against GCF_026914265 scaffolds
2025-08-01 16:40:27,087 - phyluce_probe_run_multiple_lastzs_sqlite - INFO - Running against GCF_026914265.2bit
2025-08-01 16:40:27,088 - phyluce_probe_run_multiple_lastzs_sqlite - INFO - Running with the --huge option.  Chunking files into 10000000 bp...
2025-08-01 16:40:29,013 - phyluce_probe_run_multiple_lastzs_sqlite - INFO - Running the targets against 13 queries...
2025-08-01 16:40:54,212 - phyluce_probe_run_multiple_lastzs_sqlite - INFO - Writing the results file...
2025-08-01 16:40:54,213 - phyluce_probe_run_multiple_lastzs_sqlite - INFO - Cleaning up the chunked files...
2025-08-01 16:40:54,240 - phyluce_probe_run_multiple_lastzs_sqlite - INFO - Cleaning the LASTZ output for GCF_026914265
2025-08-01 16:40:54,240 - phyluce_probe_run_multiple_lastzs_sqlite - INFO - Creating the GCF_026914265 table
2025-08-01 16:40:54,242 - phyluce_probe_run_multiple_lastzs_sqlite - INFO - Inserting data to the GCF_026914265 table
2025-08-01 16:40:54,242 - phyluce_probe_run_multiple_lastzs_sqlite - INFO - Aligning against GCF_031769215 scaffolds
2025-08-01 16:40:54,379 - phyluce_probe_run_multiple_lastzs_sqlite - INFO - Running against GCF_031769215.2bit
2025-08-01 16:40:54,379 - phyluce_probe_run_multiple_lastzs_sqlite - INFO - Running with the --huge option.  Chunking files into 10000000 bp...
2025-08-01 16:40:55,300 - phyluce_probe_run_multiple_lastzs_sqlite - INFO - Running the targets against 5 queries...
2025-08-01 16:41:09,813 - phyluce_probe_run_multiple_lastzs_sqlite - INFO - Writing the results file...
2025-08-01 16:41:09,814 - phyluce_probe_run_multiple_lastzs_sqlite - INFO - Cleaning up the chunked files...
2025-08-01 16:41:09,823 - phyluce_probe_run_multiple_lastzs_sqlite - INFO - Cleaning the LASTZ output for GCF_031769215
2025-08-01 16:41:09,824 - phyluce_probe_run_multiple_lastzs_sqlite - INFO - Creating the GCF_031769215 table
2025-08-01 16:41:09,825 - phyluce_probe_run_multiple_lastzs_sqlite - INFO - Inserting data to the GCF_031769215 table
2025-08-01 16:41:09,829 - phyluce_probe_run_multiple_lastzs_sqlite - INFO - Aligning against GCF_032062105 scaffolds
2025-08-01 16:41:10,218 - phyluce_probe_run_multiple_lastzs_sqlite - INFO - Running against GCF_032062105.2bit
2025-08-01 16:41:10,219 - phyluce_probe_run_multiple_lastzs_sqlite - INFO - Running with the --huge option.  Chunking files into 10000000 bp...
2025-08-01 16:41:11,887 - phyluce_probe_run_multiple_lastzs_sqlite - INFO - Running the targets against 10 queries...
2025-08-01 16:41:30,542 - phyluce_probe_run_multiple_lastzs_sqlite - INFO - Writing the results file...
2025-08-01 16:41:30,542 - phyluce_probe_run_multiple_lastzs_sqlite - INFO - Cleaning up the chunked files...
2025-08-01 16:41:30,560 - phyluce_probe_run_multiple_lastzs_sqlite - INFO - Cleaning the LASTZ output for GCF_032062105
2025-08-01 16:41:30,561 - phyluce_probe_run_multiple_lastzs_sqlite - INFO - Creating the GCF_032062105 table
2025-08-01 16:41:30,562 - phyluce_probe_run_multiple_lastzs_sqlite - INFO - Inserting data to the GCF_032062105 table
2025-08-01 16:41:30,563 - phyluce_probe_run_multiple_lastzs_sqlite - INFO - Aligning against GCF_033153115 scaffolds
2025-08-01 16:41:30,749 - phyluce_probe_run_multiple_lastzs_sqlite - INFO - Running against GCF_033153115.2bit
2025-08-01 16:41:30,749 - phyluce_probe_run_multiple_lastzs_sqlite - INFO - Running with the --huge option.  Chunking files into 10000000 bp...
2025-08-01 16:41:31,950 - phyluce_probe_run_multiple_lastzs_sqlite - INFO - Running the targets against 7 queries...
2025-08-01 16:41:47,876 - phyluce_probe_run_multiple_lastzs_sqlite - INFO - Writing the results file...
2025-08-01 16:41:47,878 - phyluce_probe_run_multiple_lastzs_sqlite - INFO - Cleaning up the chunked files...
2025-08-01 16:41:47,891 - phyluce_probe_run_multiple_lastzs_sqlite - INFO - Cleaning the LASTZ output for GCF_033153115
2025-08-01 16:41:47,891 - phyluce_probe_run_multiple_lastzs_sqlite - INFO - Creating the GCF_033153115 table
2025-08-01 16:41:47,893 - phyluce_probe_run_multiple_lastzs_sqlite - INFO - Inserting data to the GCF_033153115 table
2025-08-01 16:41:47,894 - phyluce_probe_run_multiple_lastzs_sqlite - INFO - Aligning against GCF_036588685 scaffolds
2025-08-01 16:41:48,318 - phyluce_probe_run_multiple_lastzs_sqlite - INFO - Running against GCF_036588685.2bit
2025-08-01 16:41:48,318 - phyluce_probe_run_multiple_lastzs_sqlite - INFO - Running with the --huge option.  Chunking files into 10000000 bp...
2025-08-01 16:41:50,078 - phyluce_probe_run_multiple_lastzs_sqlite - INFO - Running the targets against 10 queries...
2025-08-01 16:42:09,879 - phyluce_probe_run_multiple_lastzs_sqlite - INFO - Writing the results file...
2025-08-01 16:42:09,881 - phyluce_probe_run_multiple_lastzs_sqlite - INFO - Cleaning up the chunked files...
2025-08-01 16:42:09,892 - phyluce_probe_run_multiple_lastzs_sqlite - INFO - Cleaning the LASTZ output for GCF_036588685
2025-08-01 16:42:09,893 - phyluce_probe_run_multiple_lastzs_sqlite - INFO - Creating the GCF_036588685 table
2025-08-01 16:42:09,894 - phyluce_probe_run_multiple_lastzs_sqlite - INFO - Inserting data to the GCF_036588685 table
2025-08-01 16:42:09,957 - phyluce_probe_run_multiple_lastzs_sqlite - INFO - Aligning against GCF_041381155 scaffolds
2025-08-01 16:42:10,301 - phyluce_probe_run_multiple_lastzs_sqlite - INFO - Running against GCF_041381155.2bit
2025-08-01 16:42:10,302 - phyluce_probe_run_multiple_lastzs_sqlite - INFO - Running with the --huge option.  Chunking files into 10000000 bp...
2025-08-01 16:42:11,638 - phyluce_probe_run_multiple_lastzs_sqlite - INFO - Running the targets against 9 queries...
2025-08-01 16:42:25,927 - phyluce_probe_run_multiple_lastzs_sqlite - INFO - Writing the results file...
2025-08-01 16:42:25,928 - phyluce_probe_run_multiple_lastzs_sqlite - INFO - Cleaning up the chunked files...
2025-08-01 16:42:25,945 - phyluce_probe_run_multiple_lastzs_sqlite - INFO - Cleaning the LASTZ output for GCF_041381155
2025-08-01 16:42:25,945 - phyluce_probe_run_multiple_lastzs_sqlite - INFO - Creating the GCF_041381155 table
2025-08-01 16:42:25,947 - phyluce_probe_run_multiple_lastzs_sqlite - INFO - Inserting data to the GCF_041381155 table
2025-08-01 16:42:25,949 - phyluce_probe_run_multiple_lastzs_sqlite - INFO - Aligning against GCF_902652985 scaffolds
2025-08-01 16:42:26,278 - phyluce_probe_run_multiple_lastzs_sqlite - INFO - Running against GCF_902652985.2bit
2025-08-01 16:42:26,278 - phyluce_probe_run_multiple_lastzs_sqlite - INFO - Running with the --huge option.  Chunking files into 10000000 bp...
2025-08-01 16:42:27,394 - phyluce_probe_run_multiple_lastzs_sqlite - INFO - Running the targets against 8 queries...
2025-08-01 16:42:42,679 - phyluce_probe_run_multiple_lastzs_sqlite - INFO - Writing the results file...
2025-08-01 16:42:42,681 - phyluce_probe_run_multiple_lastzs_sqlite - INFO - Cleaning up the chunked files...
2025-08-01 16:42:42,696 - phyluce_probe_run_multiple_lastzs_sqlite - INFO - Cleaning the LASTZ output for GCF_902652985
2025-08-01 16:42:42,697 - phyluce_probe_run_multiple_lastzs_sqlite - INFO - Creating the GCF_902652985 table
2025-08-01 16:42:42,698 - phyluce_probe_run_multiple_lastzs_sqlite - INFO - Inserting data to the GCF_902652985 table
2025-08-01 16:42:42,704 - phyluce_probe_run_multiple_lastzs_sqlite - INFO - Aligning against GCF_947568905 scaffolds
2025-08-01 16:42:43,145 - phyluce_probe_run_multiple_lastzs_sqlite - INFO - Running against GCF_947568905.2bit
2025-08-01 16:42:43,145 - phyluce_probe_run_multiple_lastzs_sqlite - INFO - Running with the --huge option.  Chunking files into 10000000 bp...
2025-08-01 16:42:44,723 - phyluce_probe_run_multiple_lastzs_sqlite - INFO - Running the targets against 12 queries...
2025-08-01 16:43:10,760 - phyluce_probe_run_multiple_lastzs_sqlite - INFO - Writing the results file...
2025-08-01 16:43:10,760 - phyluce_probe_run_multiple_lastzs_sqlite - INFO - Cleaning up the chunked files...
2025-08-01 16:43:10,776 - phyluce_probe_run_multiple_lastzs_sqlite - INFO - Cleaning the LASTZ output for GCF_947568905
2025-08-01 16:43:10,776 - phyluce_probe_run_multiple_lastzs_sqlite - INFO - Creating the GCF_947568905 table
2025-08-01 16:43:10,778 - phyluce_probe_run_multiple_lastzs_sqlite - INFO - Inserting data to the GCF_947568905 table
2025-08-01 16:43:10,778 - phyluce_probe_run_multiple_lastzs_sqlite - INFO - Aligning against GCF_963676685 scaffolds
2025-08-01 16:43:11,121 - phyluce_probe_run_multiple_lastzs_sqlite - INFO - Running against GCF_963676685.2bit
2025-08-01 16:43:11,123 - phyluce_probe_run_multiple_lastzs_sqlite - INFO - Running with the --huge option.  Chunking files into 10000000 bp...
2025-08-01 16:43:13,203 - phyluce_probe_run_multiple_lastzs_sqlite - INFO - Running the targets against 14 queries...
2025-08-01 16:43:44,635 - phyluce_probe_run_multiple_lastzs_sqlite - INFO - Writing the results file...
2025-08-01 16:43:44,637 - phyluce_probe_run_multiple_lastzs_sqlite - INFO - Cleaning up the chunked files...
2025-08-01 16:43:44,665 - phyluce_probe_run_multiple_lastzs_sqlite - INFO - Cleaning the LASTZ output for GCF_963676685
2025-08-01 16:43:44,668 - phyluce_probe_run_multiple_lastzs_sqlite - INFO - Creating the GCF_963676685 table
2025-08-01 16:43:44,670 - phyluce_probe_run_multiple_lastzs_sqlite - INFO - Inserting data to the GCF_963676685 table
2025-08-01 16:43:44,703 - phyluce_probe_run_multiple_lastzs_sqlite - INFO - Aligning against GCF_963853765 scaffolds
2025-08-01 16:43:45,180 - phyluce_probe_run_multiple_lastzs_sqlite - INFO - Running against GCF_963853765.2bit
2025-08-01 16:43:45,181 - phyluce_probe_run_multiple_lastzs_sqlite - INFO - Running with the --huge option.  Chunking files into 10000000 bp...
2025-08-01 16:43:46,574 - phyluce_probe_run_multiple_lastzs_sqlite - INFO - Running the targets against 12 queries...
2025-08-01 16:44:11,197 - phyluce_probe_run_multiple_lastzs_sqlite - INFO - Writing the results file...
2025-08-01 16:44:11,198 - phyluce_probe_run_multiple_lastzs_sqlite - INFO - Cleaning up the chunked files...
2025-08-01 16:44:11,212 - phyluce_probe_run_multiple_lastzs_sqlite - INFO - Cleaning the LASTZ output for GCF_963853765
2025-08-01 16:44:11,213 - phyluce_probe_run_multiple_lastzs_sqlite - INFO - Creating the GCF_963853765 table
2025-08-01 16:44:11,215 - phyluce_probe_run_multiple_lastzs_sqlite - INFO - Inserting data to the GCF_963853765 table
2025-08-01 16:44:11,361 - phyluce_probe_run_multiple_lastzs_sqlite - INFO - ======= Completed phyluce_probe_run_multiple_lastzs_sqlite ======
